Internal Server Error: /
Traceback (most recent call last):
  File "D:\whatsapp_integration\env\lib\site-packages\django\core\handlers\exception.py", line 55, in inner
    response = get_response(request)
  File "D:\whatsapp_integration\env\lib\site-packages\django\core\handlers\base.py", line 197, in _get_response
    response = wrapped_callback(request, *callback_args, **callback_kwargs)
  File "D:\whatsapp_integration\whatsapp_integration\messaging\views.py", line 79, in send_message
    send_message_task.apply_async(args=[receiver, message])
  File "D:\whatsapp_integration\env\lib\site-packages\celery\app\task.py", line 594, in apply_async
    return app.send_task(
  File "D:\whatsapp_integration\env\lib\site-packages\celery\app\base.py", line 797, in send_task
    with self.producer_or_acquire(producer) as P:
  File "D:\whatsapp_integration\env\lib\site-packages\celery\app\base.py", line 932, in producer_or_acquire
    producer, self.producer_pool.acquire, block=True,
  File "D:\whatsapp_integration\env\lib\site-packages\celery\app\base.py", line 1354, in producer_pool
    return self.amqp.producer_pool
  File "D:\whatsapp_integration\env\lib\site-packages\celery\app\amqp.py", line 591, in producer_pool
    self.app.connection_for_write()]
  File "D:\whatsapp_integration\env\lib\site-packages\celery\app\base.py", line 829, in connection_for_write
    return self._connection(url or self.conf.broker_write_url, **kwargs)
  File "D:\whatsapp_integration\env\lib\site-packages\celery\app\base.py", line 880, in _connection
    return self.amqp.Connection(
  File "D:\whatsapp_integration\env\lib\site-packages\kombu\connection.py", line 201, in __init__
    if not get_transport_cls(transport).can_parse_url:
  File "D:\whatsapp_integration\env\lib\site-packages\kombu\transport\__init__.py", line 91, in get_transport_cls
    _transport_cache[transport] = resolve_transport(transport)
  File "D:\whatsapp_integration\env\lib\site-packages\kombu\transport\__init__.py", line 76, in resolve_transport
    return symbol_by_name(transport)
  File "D:\whatsapp_integration\env\lib\site-packages\kombu\utils\imports.py", line 59, in symbol_by_name
    module = imp(module_name, package=package, **kwargs)
  File "C:\Users\Ashok Wankhede\AppData\Local\Programs\Python\Python310\lib\importlib\__init__.py", line 126, in import_module
    return _bootstrap._gcd_import(name[level:], package, level)
  File "<frozen importlib._bootstrap>", line 1050, in _gcd_import
  File "<frozen importlib._bootstrap>", line 1027, in _find_and_load
  File "<frozen importlib._bootstrap>", line 1006, in _find_and_load_unlocked
  File "<frozen importlib._bootstrap>", line 688, in _load_unlocked
  File "<frozen importlib._bootstrap_external>", line 883, in exec_module
  File "<frozen importlib._bootstrap>", line 241, in _call_with_frames_removed
  File "D:\whatsapp_integration\env\lib\site-packages\kombu\transport\redis.py", line 267, in <module>
    class PrefixedStrictRedis(GlobalKeyPrefixMixin, redis.Redis):
AttributeError: 'NoneType' object has no attribute 'Redis'
"POST / HTTP/1.1" 500 183463
Internal Server Error: /
Traceback (most recent call last):
  File "D:\whatsapp_integration\env\lib\site-packages\django\core\handlers\exception.py", line 55, in inner
    response = get_response(request)
  File "D:\whatsapp_integration\env\lib\site-packages\django\core\handlers\base.py", line 197, in _get_response
    response = wrapped_callback(request, *callback_args, **callback_kwargs)
  File "D:\whatsapp_integration\whatsapp_integration\messaging\views.py", line 79, in send_message
    send_message_task.apply_async(args=[receiver, message])
  File "D:\whatsapp_integration\env\lib\site-packages\celery\app\task.py", line 594, in apply_async
    return app.send_task(
  File "D:\whatsapp_integration\env\lib\site-packages\celery\app\base.py", line 797, in send_task
    with self.producer_or_acquire(producer) as P:
  File "D:\whatsapp_integration\env\lib\site-packages\celery\app\base.py", line 932, in producer_or_acquire
    producer, self.producer_pool.acquire, block=True,
  File "D:\whatsapp_integration\env\lib\site-packages\celery\app\base.py", line 1354, in producer_pool
    return self.amqp.producer_pool
  File "D:\whatsapp_integration\env\lib\site-packages\celery\app\amqp.py", line 591, in producer_pool
    self.app.connection_for_write()]
  File "D:\whatsapp_integration\env\lib\site-packages\celery\app\base.py", line 829, in connection_for_write
    return self._connection(url or self.conf.broker_write_url, **kwargs)
  File "D:\whatsapp_integration\env\lib\site-packages\celery\app\base.py", line 880, in _connection
    return self.amqp.Connection(
  File "D:\whatsapp_integration\env\lib\site-packages\kombu\connection.py", line 201, in __init__
    if not get_transport_cls(transport).can_parse_url:
  File "D:\whatsapp_integration\env\lib\site-packages\kombu\transport\__init__.py", line 91, in get_transport_cls
    _transport_cache[transport] = resolve_transport(transport)
  File "D:\whatsapp_integration\env\lib\site-packages\kombu\transport\__init__.py", line 76, in resolve_transport
    return symbol_by_name(transport)
  File "D:\whatsapp_integration\env\lib\site-packages\kombu\utils\imports.py", line 59, in symbol_by_name
    module = imp(module_name, package=package, **kwargs)
  File "C:\Users\Ashok Wankhede\AppData\Local\Programs\Python\Python310\lib\importlib\__init__.py", line 126, in import_module
    return _bootstrap._gcd_import(name[level:], package, level)
  File "<frozen importlib._bootstrap>", line 1050, in _gcd_import
  File "<frozen importlib._bootstrap>", line 1027, in _find_and_load
  File "<frozen importlib._bootstrap>", line 1006, in _find_and_load_unlocked
  File "<frozen importlib._bootstrap>", line 688, in _load_unlocked
  File "<frozen importlib._bootstrap_external>", line 883, in exec_module
  File "<frozen importlib._bootstrap>", line 241, in _call_with_frames_removed
  File "D:\whatsapp_integration\env\lib\site-packages\kombu\transport\redis.py", line 267, in <module>
    class PrefixedStrictRedis(GlobalKeyPrefixMixin, redis.Redis):
AttributeError: 'NoneType' object has no attribute 'Redis'
"POST / HTTP/1.1" 500 183463
Internal Server Error: /
Traceback (most recent call last):
  File "D:\whatsapp_integration\env\lib\site-packages\django\core\handlers\exception.py", line 55, in inner
    response = get_response(request)
  File "D:\whatsapp_integration\env\lib\site-packages\django\core\handlers\base.py", line 197, in _get_response
    response = wrapped_callback(request, *callback_args, **callback_kwargs)
  File "D:\whatsapp_integration\whatsapp_integration\messaging\views.py", line 79, in send_message
    send_message_task.apply_async(args=[receiver, message])
  File "D:\whatsapp_integration\env\lib\site-packages\celery\app\task.py", line 594, in apply_async
    return app.send_task(
  File "D:\whatsapp_integration\env\lib\site-packages\celery\app\base.py", line 797, in send_task
    with self.producer_or_acquire(producer) as P:
  File "D:\whatsapp_integration\env\lib\site-packages\celery\app\base.py", line 932, in producer_or_acquire
    producer, self.producer_pool.acquire, block=True,
  File "D:\whatsapp_integration\env\lib\site-packages\celery\app\base.py", line 1354, in producer_pool
    return self.amqp.producer_pool
  File "D:\whatsapp_integration\env\lib\site-packages\celery\app\amqp.py", line 591, in producer_pool
    self.app.connection_for_write()]
  File "D:\whatsapp_integration\env\lib\site-packages\celery\app\base.py", line 829, in connection_for_write
    return self._connection(url or self.conf.broker_write_url, **kwargs)
  File "D:\whatsapp_integration\env\lib\site-packages\celery\app\base.py", line 880, in _connection
    return self.amqp.Connection(
  File "D:\whatsapp_integration\env\lib\site-packages\kombu\connection.py", line 201, in __init__
    if not get_transport_cls(transport).can_parse_url:
  File "D:\whatsapp_integration\env\lib\site-packages\kombu\transport\__init__.py", line 91, in get_transport_cls
    _transport_cache[transport] = resolve_transport(transport)
  File "D:\whatsapp_integration\env\lib\site-packages\kombu\transport\__init__.py", line 76, in resolve_transport
    return symbol_by_name(transport)
  File "D:\whatsapp_integration\env\lib\site-packages\kombu\utils\imports.py", line 59, in symbol_by_name
    module = imp(module_name, package=package, **kwargs)
  File "C:\Users\Ashok Wankhede\AppData\Local\Programs\Python\Python310\lib\importlib\__init__.py", line 126, in import_module
    return _bootstrap._gcd_import(name[level:], package, level)
  File "<frozen importlib._bootstrap>", line 1050, in _gcd_import
  File "<frozen importlib._bootstrap>", line 1027, in _find_and_load
  File "<frozen importlib._bootstrap>", line 1006, in _find_and_load_unlocked
  File "<frozen importlib._bootstrap>", line 688, in _load_unlocked
  File "<frozen importlib._bootstrap_external>", line 883, in exec_module
  File "<frozen importlib._bootstrap>", line 241, in _call_with_frames_removed
  File "D:\whatsapp_integration\env\lib\site-packages\kombu\transport\redis.py", line 267, in <module>
    class PrefixedStrictRedis(GlobalKeyPrefixMixin, redis.Redis):
AttributeError: 'NoneType' object has no attribute 'Redis'
"POST / HTTP/1.1" 500 183463
Internal Server Error: /whatsapp_webhook
Internal Server Error: /whatsapp_webhook
Internal Server Error: /whatsapp_webhook
"POST /whatsapp_webhook HTTP/1.1" 500 66
Internal Server Error: /whatsapp_webhook
"POST /whatsapp_webhook HTTP/1.1" 500 66
Internal Server Error: /whatsapp_webhook
"POST /whatsapp_webhook HTTP/1.1" 500 66
Internal Server Error: /whatsapp_webhook
"POST /whatsapp_webhook HTTP/1.1" 500 66
Internal Server Error: /whatsapp_webhook
"POST /whatsapp_webhook HTTP/1.1" 500 66
Internal Server Error: /whatsapp_webhook
"POST /whatsapp_webhook HTTP/1.1" 500 66
Internal Server Error: /whatsapp_webhook
"POST /whatsapp_webhook HTTP/1.1" 500 66
Internal Server Error: /whatsapp_webhook
"POST /whatsapp_webhook HTTP/1.1" 500 66
Internal Server Error: /whatsapp_webhook
"POST /whatsapp_webhook HTTP/1.1" 500 66
Internal Server Error: /whatsapp_webhook
"POST /whatsapp_webhook HTTP/1.1" 500 66
Internal Server Error: /whatsapp_webhook
"POST /whatsapp_webhook HTTP/1.1" 500 66
Internal Server Error: /whatsapp_webhook
"POST /whatsapp_webhook HTTP/1.1" 500 66
Internal Server Error: /whatsapp_webhook
"POST /whatsapp_webhook HTTP/1.1" 500 66
Internal Server Error: /whatsapp_webhook
"POST /whatsapp_webhook HTTP/1.1" 500 66
Internal Server Error: /whatsapp_webhook
"POST /whatsapp_webhook HTTP/1.1" 500 66
Internal Server Error: /whatsapp_webhook
"POST /whatsapp_webhook HTTP/1.1" 500 66
Internal Server Error: /whatsapp_webhook
"POST /whatsapp_webhook HTTP/1.1" 500 66
Internal Server Error: /whatsapp_webhook
"POST /whatsapp_webhook HTTP/1.1" 500 66
Internal Server Error: /whatsapp_webhook
"POST /whatsapp_webhook HTTP/1.1" 500 66
Internal Server Error: /whatsapp_webhook
"POST /whatsapp_webhook HTTP/1.1" 500 66
Internal Server Error: /whatsapp_webhook
"POST /whatsapp_webhook HTTP/1.1" 500 66
Internal Server Error: /whatsapp_webhook
"POST /whatsapp_webhook HTTP/1.1" 500 66
Internal Server Error: /whatsapp_webhook
"POST /whatsapp_webhook HTTP/1.1" 500 66
Internal Server Error: /whatsapp_webhook
Internal Server Error: /whatsapp_webhook
"POST /whatsapp_webhook HTTP/1.1" 500 66
"POST /whatsapp_webhook HTTP/1.1" 500 66
Internal Server Error: /whatsapp_webhook
"POST /whatsapp_webhook HTTP/1.1" 500 66
Internal Server Error: /whatsapp_webhook
"POST /whatsapp_webhook HTTP/1.1" 500 66
Internal Server Error: /whatsapp_webhook
"POST /whatsapp_webhook HTTP/1.1" 500 66
Internal Server Error: /whatsapp_webhook
"POST /whatsapp_webhook HTTP/1.1" 500 66
Internal Server Error: /whatsapp_webhook
"POST /whatsapp_webhook HTTP/1.1" 500 66
Internal Server Error: /whatsapp_webhook
Internal Server Error: /whatsapp_webhook
"POST /whatsapp_webhook HTTP/1.1" 500 66
Internal Server Error: /whatsapp_webhook
"POST /whatsapp_webhook HTTP/1.1" 500 66
Internal Server Error: /whatsapp_webhook
Internal Server Error: /whatsapp_webhook
Internal Server Error: /whatsapp_webhook
Internal Server Error: /whatsapp_webhook
Internal Server Error: /whatsapp_webhook
Internal Server Error: /whatsapp_webhook
"POST /whatsapp_webhook HTTP/1.1" 500 66
Internal Server Error: /whatsapp_webhook
"POST /whatsapp_webhook HTTP/1.1" 500 66
Internal Server Error: /whatsapp_webhook
Internal Server Error: /whatsapp_webhook
Internal Server Error: /whatsapp_webhook
Internal Server Error: /whatsapp_webhook
"POST /whatsapp_webhook HTTP/1.1" 500 66
Internal Server Error: /whatsapp_webhook
"POST /whatsapp_webhook HTTP/1.1" 500 66
Internal Server Error: /whatsapp_webhook
"POST /whatsapp_webhook HTTP/1.1" 500 66
Internal Server Error: /whatsapp_webhook
"POST /whatsapp_webhook HTTP/1.1" 500 66
Internal Server Error: /whatsapp_webhook
"POST /whatsapp_webhook HTTP/1.1" 500 66
Internal Server Error: /whatsapp_webhook
"POST /whatsapp_webhook HTTP/1.1" 500 66
Internal Server Error: /whatsapp_webhook
"POST /whatsapp_webhook HTTP/1.1" 500 66
Internal Server Error: /whatsapp_webhook
"POST /whatsapp_webhook HTTP/1.1" 500 66
Internal Server Error: /whatsapp_webhook
"POST /whatsapp_webhook HTTP/1.1" 500 66
Internal Server Error: /whatsapp_webhook
"POST /whatsapp_webhook HTTP/1.1" 500 66
Internal Server Error: /whatsapp_webhook
"POST /whatsapp_webhook HTTP/1.1" 500 66
Internal Server Error: /whatsapp_webhook
"POST /whatsapp_webhook HTTP/1.1" 500 66
Internal Server Error: /whatsapp_webhook
"POST /whatsapp_webhook HTTP/1.1" 500 66
Internal Server Error: /whatsapp_webhook
"POST /whatsapp_webhook HTTP/1.1" 500 66
Internal Server Error: /whatsapp_webhook
"POST /whatsapp_webhook HTTP/1.1" 500 66
Internal Server Error: /whatsapp_webhook
"POST /whatsapp_webhook HTTP/1.1" 500 66
Internal Server Error: /whatsapp_webhook
"POST /whatsapp_webhook HTTP/1.1" 500 66
Internal Server Error: /whatsapp_webhook
"POST /whatsapp_webhook HTTP/1.1" 500 66
Internal Server Error: /whatsapp_webhook
"POST /whatsapp_webhook HTTP/1.1" 500 66
Internal Server Error: /whatsapp_webhook
"POST /whatsapp_webhook HTTP/1.1" 500 66
Internal Server Error: /whatsapp_webhook
"POST /whatsapp_webhook HTTP/1.1" 500 66
Internal Server Error: /whatsapp_webhook
"POST /whatsapp_webhook HTTP/1.1" 500 66
Internal Server Error: /whatsapp_webhook
"POST /whatsapp_webhook HTTP/1.1" 500 66
Internal Server Error: /whatsapp_webhook
"POST /whatsapp_webhook HTTP/1.1" 500 66
Internal Server Error: /whatsapp_webhook
"POST /whatsapp_webhook HTTP/1.1" 500 66
Internal Server Error: /whatsapp_webhook
"POST /whatsapp_webhook HTTP/1.1" 500 66
Internal Server Error: /whatsapp_webhook
"POST /whatsapp_webhook HTTP/1.1" 500 66
Internal Server Error: /whatsapp_webhook
"POST /whatsapp_webhook HTTP/1.1" 500 66
Internal Server Error: /whatsapp_webhook
"POST /whatsapp_webhook HTTP/1.1" 500 66
Internal Server Error: /whatsapp_webhook
"POST /whatsapp_webhook HTTP/1.1" 500 66
Internal Server Error: /whatsapp_webhook
"POST /whatsapp_webhook HTTP/1.1" 500 66
Internal Server Error: /whatsapp_webhook
"POST /whatsapp_webhook HTTP/1.1" 500 66
Internal Server Error: /whatsapp_webhook
"POST /whatsapp_webhook HTTP/1.1" 500 66
Internal Server Error: /whatsapp_webhook
"POST /whatsapp_webhook HTTP/1.1" 500 66
Internal Server Error: /whatsapp_webhook
"POST /whatsapp_webhook HTTP/1.1" 500 66
Internal Server Error: /whatsapp_webhook
"POST /whatsapp_webhook HTTP/1.1" 500 66
Internal Server Error: /whatsapp_webhook
"POST /whatsapp_webhook HTTP/1.1" 500 66
Internal Server Error: /whatsapp_webhook
"POST /whatsapp_webhook HTTP/1.1" 500 66
Internal Server Error: /whatsapp_webhook
"POST /whatsapp_webhook HTTP/1.1" 500 66
Internal Server Error: /whatsapp_webhook
"POST /whatsapp_webhook HTTP/1.1" 500 66
Internal Server Error: /whatsapp_webhook
Internal Server Error: /whatsapp_webhook
Internal Server Error: /whatsapp_webhook
"POST /whatsapp_webhook HTTP/1.1" 500 66
Internal Server Error: /whatsapp_webhook
"POST /whatsapp_webhook HTTP/1.1" 500 66
Internal Server Error: /whatsapp_webhook
Internal Server Error: /whatsapp_webhook
Internal Server Error: /whatsapp_webhook
"POST /whatsapp_webhook HTTP/1.1" 500 66
Internal Server Error: /whatsapp_webhook
Internal Server Error: /whatsapp_webhook
"POST /whatsapp_webhook HTTP/1.1" 500 66
Internal Server Error: /whatsapp_webhook
"POST /whatsapp_webhook HTTP/1.1" 500 66
Internal Server Error: /whatsapp_webhook
"POST /whatsapp_webhook HTTP/1.1" 500 66
Internal Server Error: /whatsapp_webhook
"POST /whatsapp_webhook HTTP/1.1" 500 66
Internal Server Error: /whatsapp_webhook
"POST /whatsapp_webhook HTTP/1.1" 500 66
Internal Server Error: /whatsapp_webhook
"POST /whatsapp_webhook HTTP/1.1" 500 66
Internal Server Error: /whatsapp_webhook
"POST /whatsapp_webhook HTTP/1.1" 500 66
Internal Server Error: /whatsapp_webhook
Internal Server Error: /whatsapp_webhook
"POST /whatsapp_webhook HTTP/1.1" 500 66
Internal Server Error: /whatsapp_webhook
Internal Server Error: /whatsapp_webhook
"POST /whatsapp_webhook HTTP/1.1" 500 66
Internal Server Error: /whatsapp_webhook
"POST /whatsapp_webhook HTTP/1.1" 500 66
Internal Server Error: /whatsapp_webhook
"POST /whatsapp_webhook HTTP/1.1" 500 66
Internal Server Error: /whatsapp_webhook
"POST /whatsapp_webhook HTTP/1.1" 500 66
Internal Server Error: /whatsapp_webhook
"POST /whatsapp_webhook HTTP/1.1" 500 66
Internal Server Error: /whatsapp_webhook
"POST /whatsapp_webhook HTTP/1.1" 500 66
Internal Server Error: /whatsapp_webhook
"POST /whatsapp_webhook HTTP/1.1" 500 66
Internal Server Error: /whatsapp_webhook
"POST /whatsapp_webhook HTTP/1.1" 500 66
Internal Server Error: /whatsapp_webhook
"POST /whatsapp_webhook HTTP/1.1" 500 66
Internal Server Error: /whatsapp_webhook
"POST /whatsapp_webhook HTTP/1.1" 500 66
Internal Server Error: /whatsapp_webhook
"POST /whatsapp_webhook HTTP/1.1" 500 66
Internal Server Error: /whatsapp_webhook
"POST /whatsapp_webhook HTTP/1.1" 500 66
Internal Server Error: /whatsapp_webhook
"POST /whatsapp_webhook HTTP/1.1" 500 66
Internal Server Error: /whatsapp_webhook
"POST /whatsapp_webhook HTTP/1.1" 500 66
Internal Server Error: /whatsapp_webhook
"POST /whatsapp_webhook HTTP/1.1" 500 66
Internal Server Error: /whatsapp_webhook
"POST /whatsapp_webhook HTTP/1.1" 500 66
Internal Server Error: /whatsapp_webhook
"POST /whatsapp_webhook HTTP/1.1" 500 66
Internal Server Error: /whatsapp_webhook
"POST /whatsapp_webhook HTTP/1.1" 500 66
Internal Server Error: /whatsapp_webhook
"POST /whatsapp_webhook HTTP/1.1" 500 66
Internal Server Error: /whatsapp_webhook
"POST /whatsapp_webhook HTTP/1.1" 500 66
Internal Server Error: /whatsapp_webhook
"POST /whatsapp_webhook HTTP/1.1" 500 66
Internal Server Error: /whatsapp_webhook
"POST /whatsapp_webhook HTTP/1.1" 500 66
Internal Server Error: /whatsapp_webhook
Internal Server Error: /whatsapp_webhook
"POST /whatsapp_webhook HTTP/1.1" 500 66
Internal Server Error: /whatsapp_webhook
"POST /whatsapp_webhook HTTP/1.1" 500 66
Internal Server Error: /whatsapp_webhook
"POST /whatsapp_webhook HTTP/1.1" 500 66
Internal Server Error: /whatsapp_webhook
"POST /whatsapp_webhook HTTP/1.1" 500 66
Internal Server Error: /whatsapp_webhook
"POST /whatsapp_webhook HTTP/1.1" 500 66
Internal Server Error: /whatsapp_webhook
"POST /whatsapp_webhook HTTP/1.1" 500 66
Internal Server Error: /whatsapp_webhook
"POST /whatsapp_webhook HTTP/1.1" 500 66
Internal Server Error: /whatsapp_webhook
"POST /whatsapp_webhook HTTP/1.1" 500 66
Internal Server Error: /whatsapp_webhook
"POST /whatsapp_webhook HTTP/1.1" 500 66
Internal Server Error: /whatsapp_webhook
"POST /whatsapp_webhook HTTP/1.1" 500 66
Internal Server Error: /whatsapp_webhook
"POST /whatsapp_webhook HTTP/1.1" 500 66
Internal Server Error: /whatsapp_webhook
"POST /whatsapp_webhook HTTP/1.1" 500 66
Internal Server Error: /whatsapp_webhook
"POST /whatsapp_webhook HTTP/1.1" 500 66
Internal Server Error: /whatsapp_webhook
Internal Server Error: /whatsapp_webhook
"POST /whatsapp_webhook HTTP/1.1" 500 66
Internal Server Error: /whatsapp_webhook
"POST /whatsapp_webhook HTTP/1.1" 500 66
Internal Server Error: /whatsapp_webhook
"POST /whatsapp_webhook HTTP/1.1" 500 66
"POST /whatsapp_webhook HTTP/1.1" 500 66
Internal Server Error: /whatsapp_webhook
"POST /whatsapp_webhook HTTP/1.1" 500 66
Internal Server Error: /whatsapp_webhook
"POST /whatsapp_webhook HTTP/1.1" 500 66
Internal Server Error: /whatsapp_webhook
"POST /whatsapp_webhook HTTP/1.1" 500 66
Internal Server Error: /whatsapp_webhook
"POST /whatsapp_webhook HTTP/1.1" 500 66
Internal Server Error: /whatsapp_webhook
"POST /whatsapp_webhook HTTP/1.1" 500 66
Internal Server Error: /whatsapp_webhook
"POST /whatsapp_webhook HTTP/1.1" 500 66
Internal Server Error: /whatsapp_webhook
"POST /whatsapp_webhook HTTP/1.1" 500 66
Internal Server Error: /whatsapp_webhook
"POST /whatsapp_webhook HTTP/1.1" 500 66
Internal Server Error: /whatsapp_webhook
Internal Server Error: /whatsapp_webhook
Internal Server Error: /whatsapp_webhook
"POST /whatsapp_webhook HTTP/1.1" 500 66
"POST /whatsapp_webhook HTTP/1.1" 500 66
"POST /whatsapp_webhook HTTP/1.1" 500 66
Internal Server Error: /whatsapp_webhook
"POST /whatsapp_webhook HTTP/1.1" 500 66
Internal Server Error: /whatsapp_webhook
"POST /whatsapp_webhook HTTP/1.1" 500 66
Internal Server Error: /whatsapp_webhook
"POST /whatsapp_webhook HTTP/1.1" 500 66
Internal Server Error: /whatsapp_webhook
"POST /whatsapp_webhook HTTP/1.1" 500 66
Internal Server Error: /whatsapp_webhook
"POST /whatsapp_webhook HTTP/1.1" 500 66
Internal Server Error: /whatsapp_webhook
"POST /whatsapp_webhook HTTP/1.1" 500 66
Internal Server Error: /whatsapp_webhook
"POST /whatsapp_webhook HTTP/1.1" 500 66
Internal Server Error: /whatsapp_webhook
"POST /whatsapp_webhook HTTP/1.1" 500 66
Internal Server Error: /whatsapp_webhook
"POST /whatsapp_webhook HTTP/1.1" 500 66
Internal Server Error: /whatsapp_webhook
"POST /whatsapp_webhook HTTP/1.1" 500 66
Internal Server Error: /whatsapp_webhook
"POST /whatsapp_webhook HTTP/1.1" 500 66
Internal Server Error: /whatsapp_webhook
"POST /whatsapp_webhook HTTP/1.1" 500 66
Internal Server Error: /whatsapp_webhook
"POST /whatsapp_webhook HTTP/1.1" 500 66
Internal Server Error: /whatsapp_webhook
"POST /whatsapp_webhook HTTP/1.1" 500 66
Internal Server Error: /whatsapp_webhook
"POST /whatsapp_webhook HTTP/1.1" 500 66
Internal Server Error: /whatsapp_webhook
"POST /whatsapp_webhook HTTP/1.1" 500 66
Internal Server Error: /whatsapp_webhook
"POST /whatsapp_webhook HTTP/1.1" 500 66
Internal Server Error: /whatsapp_webhook
"POST /whatsapp_webhook HTTP/1.1" 500 66
Internal Server Error: /whatsapp_webhook
"POST /whatsapp_webhook HTTP/1.1" 500 66
Internal Server Error: /whatsapp_webhook
"POST /whatsapp_webhook HTTP/1.1" 500 66
Internal Server Error: /whatsapp_webhook
Internal Server Error: /whatsapp_webhook
"POST /whatsapp_webhook HTTP/1.1" 500 66
"POST /whatsapp_webhook HTTP/1.1" 500 66
Internal Server Error: /whatsapp_webhook
"POST /whatsapp_webhook HTTP/1.1" 500 66
Internal Server Error: /whatsapp_webhook
"POST /whatsapp_webhook HTTP/1.1" 500 66
Internal Server Error: /whatsapp_webhook
"POST /whatsapp_webhook HTTP/1.1" 500 66
Internal Server Error: /whatsapp_webhook
"POST /whatsapp_webhook HTTP/1.1" 500 66
Internal Server Error: /whatsapp_webhook
"POST /whatsapp_webhook HTTP/1.1" 500 66
Internal Server Error: /whatsapp_webhook
"POST /whatsapp_webhook HTTP/1.1" 500 66
Internal Server Error: /whatsapp_webhook
"POST /whatsapp_webhook HTTP/1.1" 500 66
Internal Server Error: /whatsapp_webhook
"POST /whatsapp_webhook HTTP/1.1" 500 66
Internal Server Error: /whatsapp_webhook
"POST /whatsapp_webhook HTTP/1.1" 500 66
Internal Server Error: /whatsapp_webhook
"POST /whatsapp_webhook HTTP/1.1" 500 66
Internal Server Error: /whatsapp_webhook
"POST /whatsapp_webhook HTTP/1.1" 500 66
Internal Server Error: /whatsapp_webhook
"POST /whatsapp_webhook HTTP/1.1" 500 66
Internal Server Error: /whatsapp_webhook
"POST /whatsapp_webhook HTTP/1.1" 500 66
Internal Server Error: /whatsapp_webhook
"POST /whatsapp_webhook HTTP/1.1" 500 66
Internal Server Error: /whatsapp_webhook
"POST /whatsapp_webhook HTTP/1.1" 500 66
Internal Server Error: /whatsapp_webhook
"POST /whatsapp_webhook HTTP/1.1" 500 66
Internal Server Error: /whatsapp_webhook
"POST /whatsapp_webhook HTTP/1.1" 500 66
Internal Server Error: /whatsapp_webhook
"POST /whatsapp_webhook HTTP/1.1" 500 66
Internal Server Error: /whatsapp_webhook
"POST /whatsapp_webhook HTTP/1.1" 500 66
Internal Server Error: /whatsapp_webhook
"POST /whatsapp_webhook HTTP/1.1" 500 66
Internal Server Error: /whatsapp_webhook
"POST /whatsapp_webhook HTTP/1.1" 500 66
Internal Server Error: /whatsapp_webhook
"POST /whatsapp_webhook HTTP/1.1" 500 66
Internal Server Error: /whatsapp_webhook
"POST /whatsapp_webhook HTTP/1.1" 500 66
Internal Server Error: /whatsapp_webhook
"POST /whatsapp_webhook HTTP/1.1" 500 66
Internal Server Error: /whatsapp_webhook
"POST /whatsapp_webhook HTTP/1.1" 500 66
Internal Server Error: /whatsapp_webhook
"POST /whatsapp_webhook HTTP/1.1" 500 66
Internal Server Error: /whatsapp_webhook
"POST /whatsapp_webhook HTTP/1.1" 500 66
Internal Server Error: /whatsapp_webhook
"POST /whatsapp_webhook HTTP/1.1" 500 66
Internal Server Error: /whatsapp_webhook
"POST /whatsapp_webhook HTTP/1.1" 500 66
Internal Server Error: /whatsapp_webhook
"POST /whatsapp_webhook HTTP/1.1" 500 66
Internal Server Error: /whatsapp_webhook
"POST /whatsapp_webhook HTTP/1.1" 500 66
Internal Server Error: /whatsapp_webhook
"POST /whatsapp_webhook HTTP/1.1" 500 66
Internal Server Error: /whatsapp_webhook
"POST /whatsapp_webhook HTTP/1.1" 500 66
Internal Server Error: /whatsapp_webhook
"POST /whatsapp_webhook HTTP/1.1" 500 66
Internal Server Error: /whatsapp_webhook
"POST /whatsapp_webhook HTTP/1.1" 500 66
Internal Server Error: /whatsapp_webhook
"POST /whatsapp_webhook HTTP/1.1" 500 66
Internal Server Error: /whatsapp_webhook
"POST /whatsapp_webhook HTTP/1.1" 500 66
Internal Server Error: /whatsapp_webhook
"POST /whatsapp_webhook HTTP/1.1" 500 66
Internal Server Error: /whatsapp_webhook
"POST /whatsapp_webhook HTTP/1.1" 500 66
Internal Server Error: /whatsapp_webhook
"POST /whatsapp_webhook HTTP/1.1" 500 66
Internal Server Error: /whatsapp_webhook
"POST /whatsapp_webhook HTTP/1.1" 500 66
Internal Server Error: /whatsapp_webhook
"POST /whatsapp_webhook HTTP/1.1" 500 66
Internal Server Error: /whatsapp_webhook
"POST /whatsapp_webhook HTTP/1.1" 500 66
Internal Server Error: /whatsapp_webhook
"POST /whatsapp_webhook HTTP/1.1" 500 66
Internal Server Error: /whatsapp_webhook
"POST /whatsapp_webhook HTTP/1.1" 500 66
Internal Server Error: /whatsapp_webhook
"POST /whatsapp_webhook HTTP/1.1" 500 66
Internal Server Error: /whatsapp_webhook
"POST /whatsapp_webhook HTTP/1.1" 500 66
Internal Server Error: /whatsapp_webhook
"POST /whatsapp_webhook HTTP/1.1" 500 66
Internal Server Error: /whatsapp_webhook
"POST /whatsapp_webhook HTTP/1.1" 500 66
Internal Server Error: /whatsapp_webhook
"POST /whatsapp_webhook HTTP/1.1" 500 66
Internal Server Error: /whatsapp_webhook
"POST /whatsapp_webhook HTTP/1.1" 500 66
Internal Server Error: /whatsapp_webhook
"POST /whatsapp_webhook HTTP/1.1" 500 66
Internal Server Error: /whatsapp_webhook
"POST /whatsapp_webhook HTTP/1.1" 500 66
Internal Server Error: /whatsapp_webhook
"POST /whatsapp_webhook HTTP/1.1" 500 66
Internal Server Error: /whatsapp_webhook
"POST /whatsapp_webhook HTTP/1.1" 500 66
Internal Server Error: /whatsapp_webhook
"POST /whatsapp_webhook HTTP/1.1" 500 66
Internal Server Error: /whatsapp_webhook
"POST /whatsapp_webhook HTTP/1.1" 500 66
Internal Server Error: /whatsapp_webhook
"POST /whatsapp_webhook HTTP/1.1" 500 66
Internal Server Error: /whatsapp_webhook
"POST /whatsapp_webhook HTTP/1.1" 500 66
Internal Server Error: /whatsapp_webhook
"POST /whatsapp_webhook HTTP/1.1" 500 66
Internal Server Error: /whatsapp_webhook
"POST /whatsapp_webhook HTTP/1.1" 500 66
Internal Server Error: /whatsapp_webhook
"POST /whatsapp_webhook HTTP/1.1" 500 66
Internal Server Error: /whatsapp_webhook
"POST /whatsapp_webhook HTTP/1.1" 500 66
Internal Server Error: /whatsapp_webhook
"POST /whatsapp_webhook HTTP/1.1" 500 66
Internal Server Error: /whatsapp_webhook
Internal Server Error: /whatsapp_webhook
Internal Server Error: /whatsapp_webhook
Internal Server Error: /whatsapp_webhook
Internal Server Error: /whatsapp_webhook
"POST /whatsapp_webhook HTTP/1.1" 500 66
Internal Server Error: /whatsapp_webhook
Internal Server Error: /whatsapp_webhook
Internal Server Error: /whatsapp_webhook
Internal Server Error: /whatsapp_webhook
Internal Server Error: /whatsapp_webhook
Internal Server Error: /whatsapp_webhook
"POST /whatsapp_webhook HTTP/1.1" 500 66
Internal Server Error: /whatsapp_webhook
Internal Server Error: /whatsapp_webhook
"POST /whatsapp_webhook HTTP/1.1" 500 66
Internal Server Error: /whatsapp_webhook
"POST /whatsapp_webhook HTTP/1.1" 500 66
Internal Server Error: /whatsapp_webhook
"POST /whatsapp_webhook HTTP/1.1" 500 66
Internal Server Error: /whatsapp_webhook
"POST /whatsapp_webhook HTTP/1.1" 500 66
Internal Server Error: /whatsapp_webhook
"POST /whatsapp_webhook HTTP/1.1" 500 66
Internal Server Error: /whatsapp_webhook
"POST /whatsapp_webhook HTTP/1.1" 500 66
Internal Server Error: /whatsapp_webhook
"POST /whatsapp_webhook HTTP/1.1" 500 66
Internal Server Error: /whatsapp_webhook
"POST /whatsapp_webhook HTTP/1.1" 500 66
Internal Server Error: /whatsapp_webhook
"POST /whatsapp_webhook HTTP/1.1" 500 66
Internal Server Error: /whatsapp_webhook
"POST /whatsapp_webhook HTTP/1.1" 500 66
Internal Server Error: /whatsapp_webhook
"POST /whatsapp_webhook HTTP/1.1" 500 66
Internal Server Error: /whatsapp_webhook
"POST /whatsapp_webhook HTTP/1.1" 500 66
Internal Server Error: /whatsapp_webhook
"POST /whatsapp_webhook HTTP/1.1" 500 66
Internal Server Error: /whatsapp_webhook
"POST /whatsapp_webhook HTTP/1.1" 500 66
Internal Server Error: /whatsapp_webhook
"POST /whatsapp_webhook HTTP/1.1" 500 66
Internal Server Error: /whatsapp_webhook
"POST /whatsapp_webhook HTTP/1.1" 500 66
Internal Server Error: /whatsapp_webhook
"POST /whatsapp_webhook HTTP/1.1" 500 66
Internal Server Error: /whatsapp_webhook
"POST /whatsapp_webhook HTTP/1.1" 500 66
Internal Server Error: /whatsapp_webhook
"POST /whatsapp_webhook HTTP/1.1" 500 66
Internal Server Error: /whatsapp_webhook
"POST /whatsapp_webhook HTTP/1.1" 500 66
Internal Server Error: /whatsapp_webhook
"POST /whatsapp_webhook HTTP/1.1" 500 66
Internal Server Error: /whatsapp_webhook
"POST /whatsapp_webhook HTTP/1.1" 500 66
Internal Server Error: /whatsapp_webhook
"POST /whatsapp_webhook HTTP/1.1" 500 66
Internal Server Error: /whatsapp_webhook
"POST /whatsapp_webhook HTTP/1.1" 500 66
Internal Server Error: /whatsapp_webhook
"POST /whatsapp_webhook HTTP/1.1" 500 66
Internal Server Error: /whatsapp_webhook
"POST /whatsapp_webhook HTTP/1.1" 500 66
Internal Server Error: /whatsapp_webhook
"POST /whatsapp_webhook HTTP/1.1" 500 66
Internal Server Error: /whatsapp_webhook
"POST /whatsapp_webhook HTTP/1.1" 500 66
Internal Server Error: /whatsapp_webhook
"POST /whatsapp_webhook HTTP/1.1" 500 66
Internal Server Error: /whatsapp_webhook
"POST /whatsapp_webhook HTTP/1.1" 500 66
Internal Server Error: /whatsapp_webhook
"POST /whatsapp_webhook HTTP/1.1" 500 66
Internal Server Error: /whatsapp_webhook
"POST /whatsapp_webhook HTTP/1.1" 500 66
Internal Server Error: /whatsapp_webhook
"POST /whatsapp_webhook HTTP/1.1" 500 66
Internal Server Error: /whatsapp_webhook
"POST /whatsapp_webhook HTTP/1.1" 500 66
Internal Server Error: /whatsapp_webhook
"POST /whatsapp_webhook HTTP/1.1" 500 66
Internal Server Error: /whatsapp_webhook
"POST /whatsapp_webhook HTTP/1.1" 500 66
Internal Server Error: /whatsapp_webhook
"POST /whatsapp_webhook HTTP/1.1" 500 66
Internal Server Error: /whatsapp_webhook
"POST /whatsapp_webhook HTTP/1.1" 500 66
Internal Server Error: /whatsapp_webhook
"POST /whatsapp_webhook HTTP/1.1" 500 66
Internal Server Error: /whatsapp_webhook
Internal Server Error: /whatsapp_webhook
"POST /whatsapp_webhook HTTP/1.1" 500 66
Internal Server Error: /whatsapp_webhook
Internal Server Error: /whatsapp_webhook
"POST /whatsapp_webhook HTTP/1.1" 500 66
Internal Server Error: /whatsapp_webhook
"POST /whatsapp_webhook HTTP/1.1" 500 66
Internal Server Error: /whatsapp_webhook
"POST /whatsapp_webhook HTTP/1.1" 500 66
Internal Server Error: /whatsapp_webhook
"POST /whatsapp_webhook HTTP/1.1" 500 66
Internal Server Error: /whatsapp_webhook
"POST /whatsapp_webhook HTTP/1.1" 500 66
Internal Server Error: /whatsapp_webhook
"POST /whatsapp_webhook HTTP/1.1" 500 66
Internal Server Error: /whatsapp_webhook
"POST /whatsapp_webhook HTTP/1.1" 500 66
Internal Server Error: /whatsapp_webhook
"POST /whatsapp_webhook HTTP/1.1" 500 66
Internal Server Error: /whatsapp_webhook
"POST /whatsapp_webhook HTTP/1.1" 500 66
Internal Server Error: /whatsapp_webhook
"POST /whatsapp_webhook HTTP/1.1" 500 66
Internal Server Error: /whatsapp_webhook
"POST /whatsapp_webhook HTTP/1.1" 500 66
Internal Server Error: /whatsapp_webhook
"POST /whatsapp_webhook HTTP/1.1" 500 66
Internal Server Error: /whatsapp_webhook
"POST /whatsapp_webhook HTTP/1.1" 500 66
Internal Server Error: /whatsapp_webhook
"POST /whatsapp_webhook HTTP/1.1" 500 66
Internal Server Error: /whatsapp_webhook
"POST /whatsapp_webhook HTTP/1.1" 500 66
Internal Server Error: /whatsapp_webhook
"POST /whatsapp_webhook HTTP/1.1" 500 66
Internal Server Error: /whatsapp_webhook
"POST /whatsapp_webhook HTTP/1.1" 500 66
Internal Server Error: /whatsapp_webhook
"POST /whatsapp_webhook HTTP/1.1" 500 66
Internal Server Error: /whatsapp_webhook
Internal Server Error: /whatsapp_webhook
"POST /whatsapp_webhook HTTP/1.1" 500 66
Internal Server Error: /whatsapp_webhook
"POST /whatsapp_webhook HTTP/1.1" 500 66
Internal Server Error: /whatsapp_webhook
"POST /whatsapp_webhook HTTP/1.1" 500 66
Internal Server Error: /whatsapp_webhook
"POST /whatsapp_webhook HTTP/1.1" 500 66
Internal Server Error: /whatsapp_webhook
"POST /whatsapp_webhook HTTP/1.1" 500 66
Internal Server Error: /whatsapp_webhook
"POST /whatsapp_webhook HTTP/1.1" 500 66
Internal Server Error: /whatsapp_webhook
"POST /whatsapp_webhook HTTP/1.1" 500 66
Internal Server Error: /whatsapp_webhook
"POST /whatsapp_webhook HTTP/1.1" 500 66
Internal Server Error: /whatsapp_webhook
"POST /whatsapp_webhook HTTP/1.1" 500 66
Internal Server Error: /whatsapp_webhook
"POST /whatsapp_webhook HTTP/1.1" 500 66
Internal Server Error: /whatsapp_webhook
"POST /whatsapp_webhook HTTP/1.1" 500 66
Internal Server Error: /whatsapp_webhook
"POST /whatsapp_webhook HTTP/1.1" 500 66
Internal Server Error: /whatsapp_webhook
"POST /whatsapp_webhook HTTP/1.1" 500 66
Internal Server Error: /whatsapp_webhook
"POST /whatsapp_webhook HTTP/1.1" 500 66
Internal Server Error: /whatsapp_webhook
"POST /whatsapp_webhook HTTP/1.1" 500 66
Internal Server Error: /whatsapp_webhook
"POST /whatsapp_webhook HTTP/1.1" 500 66
Internal Server Error: /whatsapp_webhook
"POST /whatsapp_webhook HTTP/1.1" 500 66
Internal Server Error: /whatsapp_webhook
"POST /whatsapp_webhook HTTP/1.1" 500 66
Internal Server Error: /whatsapp_webhook
"POST /whatsapp_webhook HTTP/1.1" 500 66
Internal Server Error: /whatsapp_webhook
"POST /whatsapp_webhook HTTP/1.1" 500 66
Internal Server Error: /whatsapp_webhook
"POST /whatsapp_webhook HTTP/1.1" 500 66
Internal Server Error: /whatsapp_webhook
"POST /whatsapp_webhook HTTP/1.1" 500 66
Internal Server Error: /whatsapp_webhook
"POST /whatsapp_webhook HTTP/1.1" 500 66
Internal Server Error: /whatsapp_webhook
"POST /whatsapp_webhook HTTP/1.1" 500 66
Internal Server Error: /whatsapp_webhook
"POST /whatsapp_webhook HTTP/1.1" 500 66
Internal Server Error: /whatsapp_webhook
"POST /whatsapp_webhook HTTP/1.1" 500 66
Internal Server Error: /whatsapp_webhook
"POST /whatsapp_webhook HTTP/1.1" 500 66
Internal Server Error: /whatsapp_webhook
"POST /whatsapp_webhook HTTP/1.1" 500 66
Internal Server Error: /whatsapp_webhook
"POST /whatsapp_webhook HTTP/1.1" 500 66
Internal Server Error: /whatsapp_webhook
"POST /whatsapp_webhook HTTP/1.1" 500 66
Internal Server Error: /whatsapp_webhook
"POST /whatsapp_webhook HTTP/1.1" 500 66
Internal Server Error: /whatsapp_webhook
"POST /whatsapp_webhook HTTP/1.1" 500 66
Internal Server Error: /whatsapp_webhook
"POST /whatsapp_webhook HTTP/1.1" 500 66
Internal Server Error: /whatsapp_webhook
"POST /whatsapp_webhook HTTP/1.1" 500 66
Internal Server Error: /whatsapp_webhook
"POST /whatsapp_webhook HTTP/1.1" 500 66
Internal Server Error: /whatsapp_webhook
"POST /whatsapp_webhook HTTP/1.1" 500 66
Internal Server Error: /whatsapp_webhook
"POST /whatsapp_webhook HTTP/1.1" 500 66
Internal Server Error: /whatsapp_webhook
"POST /whatsapp_webhook HTTP/1.1" 500 66
Internal Server Error: /whatsapp_webhook
"POST /whatsapp_webhook HTTP/1.1" 500 66
Internal Server Error: /whatsapp_webhook
"POST /whatsapp_webhook HTTP/1.1" 500 66
Internal Server Error: /whatsapp_webhook
Internal Server Error: /whatsapp_webhook
"POST /whatsapp_webhook HTTP/1.1" 500 66
"POST /whatsapp_webhook HTTP/1.1" 500 66
Internal Server Error: /whatsapp_webhook
"POST /whatsapp_webhook HTTP/1.1" 500 66
Internal Server Error: /whatsapp_webhook
Internal Server Error: /whatsapp_webhook
"POST /whatsapp_webhook HTTP/1.1" 500 66
Internal Server Error: /whatsapp_webhook
"POST /whatsapp_webhook HTTP/1.1" 500 66
Internal Server Error: /whatsapp_webhook
"POST /whatsapp_webhook HTTP/1.1" 500 66
Internal Server Error: /whatsapp_webhook
"POST /whatsapp_webhook HTTP/1.1" 500 66
Internal Server Error: /whatsapp_webhook
"POST /whatsapp_webhook HTTP/1.1" 500 66
Internal Server Error: /whatsapp_webhook
"POST /whatsapp_webhook HTTP/1.1" 500 66
Internal Server Error: /whatsapp_webhook
"POST /whatsapp_webhook HTTP/1.1" 500 66
Internal Server Error: /whatsapp_webhook
"POST /whatsapp_webhook HTTP/1.1" 500 66
Internal Server Error: /whatsapp_webhook
"POST /whatsapp_webhook HTTP/1.1" 500 66
Internal Server Error: /whatsapp_webhook
"POST /whatsapp_webhook HTTP/1.1" 500 66
Internal Server Error: /whatsapp_webhook
"POST /whatsapp_webhook HTTP/1.1" 500 66
Internal Server Error: /whatsapp_webhook
"POST /whatsapp_webhook HTTP/1.1" 500 66
Internal Server Error: /whatsapp_webhook
"POST /whatsapp_webhook HTTP/1.1" 500 66
Internal Server Error: /whatsapp_webhook
"POST /whatsapp_webhook HTTP/1.1" 500 66
Internal Server Error: /whatsapp_webhook
"POST /whatsapp_webhook HTTP/1.1" 500 66
Internal Server Error: /whatsapp_webhook
"POST /whatsapp_webhook HTTP/1.1" 500 66
Internal Server Error: /whatsapp_webhook
"POST /whatsapp_webhook HTTP/1.1" 500 66
Internal Server Error: /whatsapp_webhook
"POST /whatsapp_webhook HTTP/1.1" 500 66
Internal Server Error: /whatsapp_webhook
"POST /whatsapp_webhook HTTP/1.1" 500 66
Internal Server Error: /whatsapp_webhook
"POST /whatsapp_webhook HTTP/1.1" 500 66
Internal Server Error: /whatsapp_webhook
"POST /whatsapp_webhook HTTP/1.1" 500 66
Internal Server Error: /whatsapp_webhook
"POST /whatsapp_webhook HTTP/1.1" 500 66
Internal Server Error: /whatsapp_webhook
"POST /whatsapp_webhook HTTP/1.1" 500 66
Internal Server Error: /whatsapp_webhook
"POST /whatsapp_webhook HTTP/1.1" 500 66
Internal Server Error: /whatsapp_webhook
"POST /whatsapp_webhook HTTP/1.1" 500 66
Internal Server Error: /whatsapp_webhook
"POST /whatsapp_webhook HTTP/1.1" 500 66
Internal Server Error: /whatsapp_webhook
"POST /whatsapp_webhook HTTP/1.1" 500 66
Internal Server Error: /whatsapp_webhook
"POST /whatsapp_webhook HTTP/1.1" 500 66
Internal Server Error: /whatsapp_webhook
"POST /whatsapp_webhook HTTP/1.1" 500 66
Internal Server Error: /whatsapp_webhook
"POST /whatsapp_webhook HTTP/1.1" 500 66
Internal Server Error: /whatsapp_webhook
"POST /whatsapp_webhook HTTP/1.1" 500 66
Internal Server Error: /whatsapp_webhook
"POST /whatsapp_webhook HTTP/1.1" 500 66
Internal Server Error: /whatsapp_webhook
"POST /whatsapp_webhook HTTP/1.1" 500 66
Internal Server Error: /whatsapp_webhook
"POST /whatsapp_webhook HTTP/1.1" 500 66
Internal Server Error: /whatsapp_webhook
"POST /whatsapp_webhook HTTP/1.1" 500 66
Internal Server Error: /whatsapp_webhook
"POST /whatsapp_webhook HTTP/1.1" 500 66
Internal Server Error: /whatsapp_webhook
"POST /whatsapp_webhook HTTP/1.1" 500 66
Internal Server Error: /whatsapp_webhook
Internal Server Error: /whatsapp_webhook
"POST /whatsapp_webhook HTTP/1.1" 500 66
"POST /whatsapp_webhook HTTP/1.1" 500 66
Internal Server Error: /whatsapp_webhook
"POST /whatsapp_webhook HTTP/1.1" 500 66
Internal Server Error: /whatsapp_webhook
"POST /whatsapp_webhook HTTP/1.1" 500 66
