Watching for file changes with StatReloader
Internal Server Error: /
Traceback (most recent call last):
  File "D:\whatsapp_integration\env\lib\site-packages\django\core\handlers\exception.py", line 55, in inner
    response = get_response(request)
  File "D:\whatsapp_integration\env\lib\site-packages\django\core\handlers\base.py", line 197, in _get_response
    response = wrapped_callback(request, *callback_args, **callback_kwargs)
  File "D:\whatsapp_integration\whatsapp_integration\messaging\views.py", line 79, in send_message
    send_message_task.apply_async(args=[receiver, message])
  File "D:\whatsapp_integration\env\lib\site-packages\celery\app\task.py", line 594, in apply_async
    return app.send_task(
  File "D:\whatsapp_integration\env\lib\site-packages\celery\app\base.py", line 797, in send_task
    with self.producer_or_acquire(producer) as P:
  File "D:\whatsapp_integration\env\lib\site-packages\celery\app\base.py", line 932, in producer_or_acquire
    producer, self.producer_pool.acquire, block=True,
  File "D:\whatsapp_integration\env\lib\site-packages\celery\app\base.py", line 1354, in producer_pool
    return self.amqp.producer_pool
  File "D:\whatsapp_integration\env\lib\site-packages\celery\app\amqp.py", line 591, in producer_pool
    self.app.connection_for_write()]
  File "D:\whatsapp_integration\env\lib\site-packages\celery\app\base.py", line 829, in connection_for_write
    return self._connection(url or self.conf.broker_write_url, **kwargs)
  File "D:\whatsapp_integration\env\lib\site-packages\celery\app\base.py", line 880, in _connection
    return self.amqp.Connection(
  File "D:\whatsapp_integration\env\lib\site-packages\kombu\connection.py", line 201, in __init__
    if not get_transport_cls(transport).can_parse_url:
  File "D:\whatsapp_integration\env\lib\site-packages\kombu\transport\__init__.py", line 91, in get_transport_cls
    _transport_cache[transport] = resolve_transport(transport)
  File "D:\whatsapp_integration\env\lib\site-packages\kombu\transport\__init__.py", line 76, in resolve_transport
    return symbol_by_name(transport)
  File "D:\whatsapp_integration\env\lib\site-packages\kombu\utils\imports.py", line 59, in symbol_by_name
    module = imp(module_name, package=package, **kwargs)
  File "C:\Users\Ashok Wankhede\AppData\Local\Programs\Python\Python310\lib\importlib\__init__.py", line 126, in import_module
    return _bootstrap._gcd_import(name[level:], package, level)
  File "<frozen importlib._bootstrap>", line 1050, in _gcd_import
  File "<frozen importlib._bootstrap>", line 1027, in _find_and_load
  File "<frozen importlib._bootstrap>", line 1006, in _find_and_load_unlocked
  File "<frozen importlib._bootstrap>", line 688, in _load_unlocked
  File "<frozen importlib._bootstrap_external>", line 883, in exec_module
  File "<frozen importlib._bootstrap>", line 241, in _call_with_frames_removed
  File "D:\whatsapp_integration\env\lib\site-packages\kombu\transport\redis.py", line 267, in <module>
    class PrefixedStrictRedis(GlobalKeyPrefixMixin, redis.Redis):
AttributeError: 'NoneType' object has no attribute 'Redis'
"POST / HTTP/1.1" 500 183463
Internal Server Error: /
Traceback (most recent call last):
  File "D:\whatsapp_integration\env\lib\site-packages\django\core\handlers\exception.py", line 55, in inner
    response = get_response(request)
  File "D:\whatsapp_integration\env\lib\site-packages\django\core\handlers\base.py", line 197, in _get_response
    response = wrapped_callback(request, *callback_args, **callback_kwargs)
  File "D:\whatsapp_integration\whatsapp_integration\messaging\views.py", line 79, in send_message
    send_message_task.apply_async(args=[receiver, message])
  File "D:\whatsapp_integration\env\lib\site-packages\celery\app\task.py", line 594, in apply_async
    return app.send_task(
  File "D:\whatsapp_integration\env\lib\site-packages\celery\app\base.py", line 797, in send_task
    with self.producer_or_acquire(producer) as P:
  File "D:\whatsapp_integration\env\lib\site-packages\celery\app\base.py", line 932, in producer_or_acquire
    producer, self.producer_pool.acquire, block=True,
  File "D:\whatsapp_integration\env\lib\site-packages\celery\app\base.py", line 1354, in producer_pool
    return self.amqp.producer_pool
  File "D:\whatsapp_integration\env\lib\site-packages\celery\app\amqp.py", line 591, in producer_pool
    self.app.connection_for_write()]
  File "D:\whatsapp_integration\env\lib\site-packages\celery\app\base.py", line 829, in connection_for_write
    return self._connection(url or self.conf.broker_write_url, **kwargs)
  File "D:\whatsapp_integration\env\lib\site-packages\celery\app\base.py", line 880, in _connection
    return self.amqp.Connection(
  File "D:\whatsapp_integration\env\lib\site-packages\kombu\connection.py", line 201, in __init__
    if not get_transport_cls(transport).can_parse_url:
  File "D:\whatsapp_integration\env\lib\site-packages\kombu\transport\__init__.py", line 91, in get_transport_cls
    _transport_cache[transport] = resolve_transport(transport)
  File "D:\whatsapp_integration\env\lib\site-packages\kombu\transport\__init__.py", line 76, in resolve_transport
    return symbol_by_name(transport)
  File "D:\whatsapp_integration\env\lib\site-packages\kombu\utils\imports.py", line 59, in symbol_by_name
    module = imp(module_name, package=package, **kwargs)
  File "C:\Users\Ashok Wankhede\AppData\Local\Programs\Python\Python310\lib\importlib\__init__.py", line 126, in import_module
    return _bootstrap._gcd_import(name[level:], package, level)
  File "<frozen importlib._bootstrap>", line 1050, in _gcd_import
  File "<frozen importlib._bootstrap>", line 1027, in _find_and_load
  File "<frozen importlib._bootstrap>", line 1006, in _find_and_load_unlocked
  File "<frozen importlib._bootstrap>", line 688, in _load_unlocked
  File "<frozen importlib._bootstrap_external>", line 883, in exec_module
  File "<frozen importlib._bootstrap>", line 241, in _call_with_frames_removed
  File "D:\whatsapp_integration\env\lib\site-packages\kombu\transport\redis.py", line 267, in <module>
    class PrefixedStrictRedis(GlobalKeyPrefixMixin, redis.Redis):
AttributeError: 'NoneType' object has no attribute 'Redis'
"POST / HTTP/1.1" 500 183463
"GET / HTTP/1.1" 200 8398
"GET / HTTP/1.1" 200 8398
Internal Server Error: /
Traceback (most recent call last):
  File "D:\whatsapp_integration\env\lib\site-packages\django\core\handlers\exception.py", line 55, in inner
    response = get_response(request)
  File "D:\whatsapp_integration\env\lib\site-packages\django\core\handlers\base.py", line 197, in _get_response
    response = wrapped_callback(request, *callback_args, **callback_kwargs)
  File "D:\whatsapp_integration\whatsapp_integration\messaging\views.py", line 79, in send_message
    send_message_task.apply_async(args=[receiver, message])
  File "D:\whatsapp_integration\env\lib\site-packages\celery\app\task.py", line 594, in apply_async
    return app.send_task(
  File "D:\whatsapp_integration\env\lib\site-packages\celery\app\base.py", line 797, in send_task
    with self.producer_or_acquire(producer) as P:
  File "D:\whatsapp_integration\env\lib\site-packages\celery\app\base.py", line 932, in producer_or_acquire
    producer, self.producer_pool.acquire, block=True,
  File "D:\whatsapp_integration\env\lib\site-packages\celery\app\base.py", line 1354, in producer_pool
    return self.amqp.producer_pool
  File "D:\whatsapp_integration\env\lib\site-packages\celery\app\amqp.py", line 591, in producer_pool
    self.app.connection_for_write()]
  File "D:\whatsapp_integration\env\lib\site-packages\celery\app\base.py", line 829, in connection_for_write
    return self._connection(url or self.conf.broker_write_url, **kwargs)
  File "D:\whatsapp_integration\env\lib\site-packages\celery\app\base.py", line 880, in _connection
    return self.amqp.Connection(
  File "D:\whatsapp_integration\env\lib\site-packages\kombu\connection.py", line 201, in __init__
    if not get_transport_cls(transport).can_parse_url:
  File "D:\whatsapp_integration\env\lib\site-packages\kombu\transport\__init__.py", line 91, in get_transport_cls
    _transport_cache[transport] = resolve_transport(transport)
  File "D:\whatsapp_integration\env\lib\site-packages\kombu\transport\__init__.py", line 76, in resolve_transport
    return symbol_by_name(transport)
  File "D:\whatsapp_integration\env\lib\site-packages\kombu\utils\imports.py", line 59, in symbol_by_name
    module = imp(module_name, package=package, **kwargs)
  File "C:\Users\Ashok Wankhede\AppData\Local\Programs\Python\Python310\lib\importlib\__init__.py", line 126, in import_module
    return _bootstrap._gcd_import(name[level:], package, level)
  File "<frozen importlib._bootstrap>", line 1050, in _gcd_import
  File "<frozen importlib._bootstrap>", line 1027, in _find_and_load
  File "<frozen importlib._bootstrap>", line 1006, in _find_and_load_unlocked
  File "<frozen importlib._bootstrap>", line 688, in _load_unlocked
  File "<frozen importlib._bootstrap_external>", line 883, in exec_module
  File "<frozen importlib._bootstrap>", line 241, in _call_with_frames_removed
  File "D:\whatsapp_integration\env\lib\site-packages\kombu\transport\redis.py", line 267, in <module>
    class PrefixedStrictRedis(GlobalKeyPrefixMixin, redis.Redis):
AttributeError: 'NoneType' object has no attribute 'Redis'
"POST / HTTP/1.1" 500 183463
Watching for file changes with StatReloader
"GET / HTTP/1.1" 200 8398
"POST / HTTP/1.1" 302 0
"GET / HTTP/1.1" 200 8398
"POST /whatsapp_webhook HTTP/1.1" 200 20
"GET / HTTP/1.1" 200 8802
D:\whatsapp_integration\whatsapp_integration\whatsapp_integration\settings.py changed, reloading.
Watching for file changes with StatReloader
"POST /whatsapp_webhook HTTP/1.1" 200 20
"POST /whatsapp_webhook HTTP/1.1" 200 20
"POST /whatsapp_webhook HTTP/1.1" 200 20
"POST /whatsapp_webhook HTTP/1.1" 200 20
"POST /whatsapp_webhook HTTP/1.1" 200 20
Watching for file changes with StatReloader
D:\whatsapp_integration\whatsapp_integration\messaging\service.py changed, reloading.
Watching for file changes with StatReloader
D:\whatsapp_integration\whatsapp_integration\messaging\tasks.py changed, reloading.
Watching for file changes with StatReloader
D:\whatsapp_integration\whatsapp_integration\messaging\tasks.py changed, reloading.
Watching for file changes with StatReloader
D:\whatsapp_integration\whatsapp_integration\messaging\tasks.py changed, reloading.
Watching for file changes with StatReloader
D:\whatsapp_integration\whatsapp_integration\messaging\tasks.py changed, reloading.
Watching for file changes with StatReloader
"GET / HTTP/1.1" 200 8802
"GET / HTTP/1.1" 200 8802
"GET / HTTP/1.1" 200 8802
"GET / HTTP/1.1" 200 8802
"GET / HTTP/1.1" 200 8802
"GET / HTTP/1.1" 200 8802
"GET / HTTP/1.1" 200 8802
"GET / HTTP/1.1" 200 8819
"POST /whatsapp_webhook HTTP/1.1" 200 20
"POST /whatsapp_webhook HTTP/1.1" 200 20
"POST /whatsapp_webhook HTTP/1.1" 200 20
"POST /whatsapp_webhook HTTP/1.1" 200 20
"POST /whatsapp_webhook HTTP/1.1" 200 20
"POST /whatsapp_webhook HTTP/1.1" 200 20
Watching for file changes with StatReloader
"GET / HTTP/1.1" 200 13972
"POST / HTTP/1.1" 302 0
"GET / HTTP/1.1" 200 13972
"POST /whatsapp_webhook HTTP/1.1" 200 20
"POST /whatsapp_webhook HTTP/1.1" 200 20
"POST /whatsapp_webhook HTTP/1.1" 200 20
"POST /whatsapp_webhook HTTP/1.1" 200 20
"POST /whatsapp_webhook HTTP/1.1" 200 20
"POST /whatsapp_webhook HTTP/1.1" 200 20
"GET / HTTP/1.1" 200 14889
"GET / HTTP/1.1" 200 14893
D:\whatsapp_integration\whatsapp_integration\messaging\tasks.py changed, reloading.
Watching for file changes with StatReloader
"GET / HTTP/1.1" 200 14893
"GET / HTTP/1.1" 200 14893
"GET / HTTP/1.1" 200 14893
"GET / HTTP/1.1" 200 14893
"POST / HTTP/1.1" 302 0
"GET / HTTP/1.1" 200 14893
"GET / HTTP/1.1" 200 15296
"POST /whatsapp_webhook HTTP/1.1" 200 20
"GET / HTTP/1.1" 200 15715
"GET / HTTP/1.1" 200 15715
"GET / HTTP/1.1" 200 15707
"GET / HTTP/1.1" 200 15715
"POST / HTTP/1.1" 302 0
"GET / HTTP/1.1" 200 15715
"GET / HTTP/1.1" 200 16527
"GET / HTTP/1.1" 200 16536
"GET / HTTP/1.1" 200 16545
"GET / HTTP/1.1" 200 16545
"GET / HTTP/1.1" 200 16519
"GET / HTTP/1.1" 200 16519
"GET / HTTP/1.1" 200 16519
Bad Request: /
Bad Request: /
Bad Request: /
Bad Request: /
Bad Request: /whatsapp_webhook
Internal Server Error: /whatsapp_webhook
Forbidden: /whatsapp_webhook
Watching for file changes with StatReloader
"GET / HTTP/1.1" 200 16519
"GET / HTTP/1.1" 200 16519
"GET / HTTP/1.1" 200 16519
"GET / HTTP/1.1" 200 16519
"GET / HTTP/1.1" 200 16519
"GET / HTTP/1.1" 200 16519
Watching for file changes with StatReloader
"GET / HTTP/1.1" 200 16519
D:\whatsapp_integration\whatsapp_integration\messaging\tasks.py changed, reloading.
Watching for file changes with StatReloader
D:\whatsapp_integration\whatsapp_integration\messaging\service.py changed, reloading.
Watching for file changes with StatReloader
Bad Request: /
Bad Request: /
Bad Request: /whatsapp_webhook
Internal Server Error: /whatsapp_webhook
Forbidden: /whatsapp_webhook
Watching for file changes with StatReloader
D:\whatsapp_integration\whatsapp_integration\messaging\tasks.py changed, reloading.
Watching for file changes with StatReloader
D:\whatsapp_integration\whatsapp_integration\messaging\service.py changed, reloading.
Watching for file changes with StatReloader
D:\whatsapp_integration\whatsapp_integration\messaging\service.py changed, reloading.
Watching for file changes with StatReloader
D:\whatsapp_integration\whatsapp_integration\messaging\service.py changed, reloading.
Watching for file changes with StatReloader
D:\whatsapp_integration\whatsapp_integration\messaging\tasks.py changed, reloading.
Watching for file changes with StatReloader
D:\whatsapp_integration\whatsapp_integration\messaging\service.py changed, reloading.
Watching for file changes with StatReloader
D:\whatsapp_integration\whatsapp_integration\messaging\service.py changed, reloading.
Watching for file changes with StatReloader
D:\whatsapp_integration\whatsapp_integration\messaging\service.py changed, reloading.
Watching for file changes with StatReloader
D:\whatsapp_integration\whatsapp_integration\messaging\service.py changed, reloading.
Watching for file changes with StatReloader
D:\whatsapp_integration\whatsapp_integration\messaging\tasks.py changed, reloading.
Watching for file changes with StatReloader
D:\whatsapp_integration\whatsapp_integration\messaging\service.py changed, reloading.
Watching for file changes with StatReloader
D:\whatsapp_integration\whatsapp_integration\messaging\service.py changed, reloading.
Watching for file changes with StatReloader
D:\whatsapp_integration\whatsapp_integration\messaging\tasks.py changed, reloading.
Watching for file changes with StatReloader
D:\whatsapp_integration\whatsapp_integration\messaging\tasks.py changed, reloading.
Watching for file changes with StatReloader
D:\whatsapp_integration\whatsapp_integration\messaging\tasks.py changed, reloading.
Watching for file changes with StatReloader
D:\whatsapp_integration\whatsapp_integration\messaging\tasks.py changed, reloading.
Watching for file changes with StatReloader
Watching for file changes with StatReloader
Watching for file changes with StatReloader
D:\whatsapp_integration\whatsapp_integration\messaging\views.py changed, reloading.
Watching for file changes with StatReloader
D:\whatsapp_integration\whatsapp_integration\messaging\service.py changed, reloading.
Watching for file changes with StatReloader
"GET / HTTP/1.1" 200 16527
"POST / HTTP/1.1" 302 0
"GET / HTTP/1.1" 200 16527
- Broken pipe from ('127.0.0.1', 61365)
- Broken pipe from ('127.0.0.1', 61370)
- Broken pipe from ('127.0.0.1', 61381)
- Broken pipe from ('127.0.0.1', 61386)
- Broken pipe from ('127.0.0.1', 61378)
"POST /whatsapp_webhook HTTP/1.1" 200 20
"POST /whatsapp_webhook HTTP/1.1" 200 20
"POST /whatsapp_webhook HTTP/1.1" 200 20
"POST /whatsapp_webhook HTTP/1.1" 200 20
"POST / HTTP/1.1" 302 0
"GET / HTTP/1.1" 200 17337
- Broken pipe from ('127.0.0.1', 61512)
D:\whatsapp_integration\whatsapp_integration\messaging\views.py changed, reloading.
- Broken pipe from ('127.0.0.1', 61519)
- Broken pipe from ('127.0.0.1', 61516)
"POST /whatsapp_webhook HTTP/1.1" 200 20
Watching for file changes with StatReloader
D:\whatsapp_integration\whatsapp_integration\messaging\views.py changed, reloading.
Watching for file changes with StatReloader
"GET /admin/ HTTP/1.1" 200 10854
"GET /admin/messaging/whatsappmessage/ HTTP/1.1" 200 18722
"GET /admin/jsi18n/ HTTP/1.1" 200 3342
"GET /admin/messaging/whatsappmessage/69/change/ HTTP/1.1" 200 11609
"GET /admin/jsi18n/ HTTP/1.1" 200 3342
"GET /static/admin/js/prepopulate_init.js HTTP/1.1" 200 586
"GET /static/admin/css/forms.css HTTP/1.1" 200 8794
"GET /static/admin/js/change_form.js HTTP/1.1" 200 606
"GET /static/admin/css/widgets.css HTTP/1.1" 200 11564
- Broken pipe from ('127.0.0.1', 61579)
- Broken pipe from ('127.0.0.1', 61615)
- Broken pipe from ('127.0.0.1', 61561)
- Broken pipe from ('127.0.0.1', 61548)
- Broken pipe from ('127.0.0.1', 61571)
D:\whatsapp_integration\whatsapp_integration\messaging\service.py changed, reloading.
Watching for file changes with StatReloader
"POST /whatsapp_webhook HTTP/1.1" 200 20
"POST /whatsapp_webhook HTTP/1.1" 200 20
"POST /whatsapp_webhook HTTP/1.1" 200 20
"POST /whatsapp_webhook HTTP/1.1" 200 20
"POST /whatsapp_webhook HTTP/1.1" 200 20
"POST /whatsapp_webhook HTTP/1.1" 200 20
Watching for file changes with StatReloader
Watching for file changes with StatReloader
"GET /whatsapp_webhook?hub.mode=subscribe&hub.challenge=704562173&hub.verify_token=Hfyc5k82hL HTTP/1.1" 200 9
D:\whatsapp_integration\whatsapp_integration\messaging\service.py changed, reloading.
Watching for file changes with StatReloader
D:\whatsapp_integration\whatsapp_integration\messaging\service.py changed, reloading.
Watching for file changes with StatReloader
"GET / HTTP/1.1" 200 17744
Not Found: /favicon.ico
"GET /favicon.ico HTTP/1.1" 404 2750
"POST / HTTP/1.1" 302 0
"GET / HTTP/1.1" 200 17744
Watching for file changes with StatReloader
"POST /whatsapp_webhook HTTP/1.1" 200 20
"GET / HTTP/1.1" 200 18551
D:\whatsapp_integration\whatsapp_integration\messaging\service.py changed, reloading.
Watching for file changes with StatReloader
D:\whatsapp_integration\whatsapp_integration\messaging\service.py changed, reloading.
Watching for file changes with StatReloader
"POST / HTTP/1.1" 302 0
"GET / HTTP/1.1" 200 18551
"GET / HTTP/1.1" 200 18956
Watching for file changes with StatReloader
"POST / HTTP/1.1" 302 0
"GET / HTTP/1.1" 200 18956
- Broken pipe from ('127.0.0.1', 50461)
"POST /whatsapp_webhook HTTP/1.1" 200 20
"POST /whatsapp_webhook HTTP/1.1" 200 20
- Broken pipe from ('127.0.0.1', 50448)
- Broken pipe from ('127.0.0.1', 50459)
- Broken pipe from ('127.0.0.1', 50445)
D:\whatsapp_integration\whatsapp_integration\messaging\service.py changed, reloading.
Watching for file changes with StatReloader
- Broken pipe from ('127.0.0.1', 50482)
"POST /whatsapp_webhook HTTP/1.1" 200 20
"POST / HTTP/1.1" 302 0
"GET / HTTP/1.1" 200 19359
"POST /whatsapp_webhook HTTP/1.1" 200 20
"POST /whatsapp_webhook HTTP/1.1" 200 20
"POST /whatsapp_webhook HTTP/1.1" 200 20
- Broken pipe from ('127.0.0.1', 50502)
"POST /whatsapp_webhook HTTP/1.1" 200 20
D:\whatsapp_integration\whatsapp_integration\messaging\models.py changed, reloading.
Watching for file changes with StatReloader
Watching for file changes with StatReloader
D:\whatsapp_integration\whatsapp_integration\messaging\service.py changed, reloading.
Watching for file changes with StatReloader
D:\whatsapp_integration\whatsapp_integration\messaging\service.py changed, reloading.
Watching for file changes with StatReloader
D:\whatsapp_integration\whatsapp_integration\messaging\service.py changed, reloading.
Watching for file changes with StatReloader
D:\whatsapp_integration\whatsapp_integration\messaging\service.py changed, reloading.
Watching for file changes with StatReloader
D:\whatsapp_integration\whatsapp_integration\messaging\service.py changed, reloading.
Watching for file changes with StatReloader
D:\whatsapp_integration\whatsapp_integration\messaging\service.py changed, reloading.
Watching for file changes with StatReloader
D:\whatsapp_integration\whatsapp_integration\messaging\service.py changed, reloading.
Watching for file changes with StatReloader
D:\whatsapp_integration\whatsapp_integration\messaging\service.py changed, reloading.
Watching for file changes with StatReloader
D:\whatsapp_integration\whatsapp_integration\messaging\service.py changed, reloading.
Watching for file changes with StatReloader
"GET / HTTP/1.1" 200 19762
"GET / HTTP/1.1" 200 19762
"POST / HTTP/1.1" 302 0
"GET / HTTP/1.1" 200 19762
"POST /whatsapp_webhook HTTP/1.1" 200 20
"POST /whatsapp_webhook HTTP/1.1" 200 20
"GET / HTTP/1.1" 200 19762
"POST /whatsapp_webhook HTTP/1.1" 200 20
"GET / HTTP/1.1" 200 19762
"GET / HTTP/1.1" 200 19762
"GET / HTTP/1.1" 200 19762
"GET / HTTP/1.1" 200 19762
"GET / HTTP/1.1" 200 19762
"GET / HTTP/1.1" 200 19762
"GET / HTTP/1.1" 200 19762
"GET / HTTP/1.1" 200 19762
"GET / HTTP/1.1" 200 19762
"GET / HTTP/1.1" 200 19762
"GET / HTTP/1.1" 200 19762
"GET / HTTP/1.1" 200 19762
"GET / HTTP/1.1" 200 19762
"GET / HTTP/1.1" 200 19762
"GET / HTTP/1.1" 200 19762
Watching for file changes with StatReloader
"POST / HTTP/1.1" 302 0
"GET / HTTP/1.1" 200 19762
"POST /whatsapp_webhook HTTP/1.1" 200 20
"POST /whatsapp_webhook HTTP/1.1" 200 20
"POST /whatsapp_webhook HTTP/1.1" 200 20
- Broken pipe from ('127.0.0.1', 50929)
"POST / HTTP/1.1" 302 0
"GET / HTTP/1.1" 200 19762
"POST /whatsapp_webhook HTTP/1.1" 200 20
"POST /whatsapp_webhook HTTP/1.1" 200 20
D:\whatsapp_integration\whatsapp_integration\messaging\service.py changed, reloading.
Watching for file changes with StatReloader
D:\whatsapp_integration\whatsapp_integration\messaging\service.py changed, reloading.
Watching for file changes with StatReloader
"GET / HTTP/1.1" 200 19762
"GET / HTTP/1.1" 200 19762
"GET / HTTP/1.1" 200 19762
"GET / HTTP/1.1" 200 19762
"GET / HTTP/1.1" 200 19762
"GET / HTTP/1.1" 200 19762
"POST / HTTP/1.1" 302 0
"GET / HTTP/1.1" 200 19762
Internal Server Error: /whatsapp_webhook
"POST /whatsapp_webhook HTTP/1.1" 500 66
Internal Server Error: /whatsapp_webhook
"POST /whatsapp_webhook HTTP/1.1" 500 66
Internal Server Error: /whatsapp_webhook
"POST /whatsapp_webhook HTTP/1.1" 500 66
Internal Server Error: /whatsapp_webhook
"POST /whatsapp_webhook HTTP/1.1" 500 66
Internal Server Error: /whatsapp_webhook
"POST /whatsapp_webhook HTTP/1.1" 500 66
Internal Server Error: /whatsapp_webhook
"POST /whatsapp_webhook HTTP/1.1" 500 66
Internal Server Error: /whatsapp_webhook
"POST /whatsapp_webhook HTTP/1.1" 500 66
Internal Server Error: /whatsapp_webhook
"POST /whatsapp_webhook HTTP/1.1" 500 66
Internal Server Error: /whatsapp_webhook
"POST /whatsapp_webhook HTTP/1.1" 500 66
Internal Server Error: /whatsapp_webhook
"POST /whatsapp_webhook HTTP/1.1" 500 66
Internal Server Error: /whatsapp_webhook
"POST /whatsapp_webhook HTTP/1.1" 500 66
Internal Server Error: /whatsapp_webhook
"POST /whatsapp_webhook HTTP/1.1" 500 66
Internal Server Error: /whatsapp_webhook
"POST /whatsapp_webhook HTTP/1.1" 500 66
Internal Server Error: /whatsapp_webhook
"POST /whatsapp_webhook HTTP/1.1" 500 66
Internal Server Error: /whatsapp_webhook
"POST /whatsapp_webhook HTTP/1.1" 500 66
Internal Server Error: /whatsapp_webhook
"POST /whatsapp_webhook HTTP/1.1" 500 66
Internal Server Error: /whatsapp_webhook
"POST /whatsapp_webhook HTTP/1.1" 500 66
Internal Server Error: /whatsapp_webhook
"POST /whatsapp_webhook HTTP/1.1" 500 66
Internal Server Error: /whatsapp_webhook
"POST /whatsapp_webhook HTTP/1.1" 500 66
Internal Server Error: /whatsapp_webhook
"POST /whatsapp_webhook HTTP/1.1" 500 66
"POST / HTTP/1.1" 302 0
"GET / HTTP/1.1" 200 19762
Internal Server Error: /whatsapp_webhook
"POST /whatsapp_webhook HTTP/1.1" 500 66
Internal Server Error: /whatsapp_webhook
"POST /whatsapp_webhook HTTP/1.1" 500 66
Internal Server Error: /whatsapp_webhook
"POST /whatsapp_webhook HTTP/1.1" 500 66
Internal Server Error: /whatsapp_webhook
Internal Server Error: /whatsapp_webhook
"POST /whatsapp_webhook HTTP/1.1" 500 66
"POST /whatsapp_webhook HTTP/1.1" 500 66
Internal Server Error: /whatsapp_webhook
"POST /whatsapp_webhook HTTP/1.1" 500 66
Internal Server Error: /whatsapp_webhook
"POST /whatsapp_webhook HTTP/1.1" 500 66
Internal Server Error: /whatsapp_webhook
"POST /whatsapp_webhook HTTP/1.1" 500 66
Internal Server Error: /whatsapp_webhook
"POST /whatsapp_webhook HTTP/1.1" 500 66
Internal Server Error: /whatsapp_webhook
"POST /whatsapp_webhook HTTP/1.1" 500 66
Watching for file changes with StatReloader
"POST / HTTP/1.1" 302 0
"GET / HTTP/1.1" 200 19762
Internal Server Error: /whatsapp_webhook
- Broken pipe from ('127.0.0.1', 51130)
Internal Server Error: /whatsapp_webhook
"POST /whatsapp_webhook HTTP/1.1" 500 66
Internal Server Error: /whatsapp_webhook
"POST /whatsapp_webhook HTTP/1.1" 500 66
Internal Server Error: /whatsapp_webhook
- Broken pipe from ('127.0.0.1', 51147)
Internal Server Error: /whatsapp_webhook
- Broken pipe from ('127.0.0.1', 51153)
Internal Server Error: /whatsapp_webhook
Internal Server Error: /whatsapp_webhook
Internal Server Error: /whatsapp_webhook
- Broken pipe from ('127.0.0.1', 51135)
- Broken pipe from ('127.0.0.1', 51139)
- Broken pipe from ('127.0.0.1', 51143)
Internal Server Error: /whatsapp_webhook
"POST /whatsapp_webhook HTTP/1.1" 500 66
Internal Server Error: /whatsapp_webhook
"POST /whatsapp_webhook HTTP/1.1" 500 66
Watching for file changes with StatReloader
"POST / HTTP/1.1" 302 0
"GET / HTTP/1.1" 200 19762
Internal Server Error: /whatsapp_webhook
Internal Server Error: /whatsapp_webhook
- Broken pipe from ('127.0.0.1', 51222)
- Broken pipe from ('127.0.0.1', 51209)
Internal Server Error: /whatsapp_webhook
- Broken pipe from ('127.0.0.1', 51228)
Internal Server Error: /whatsapp_webhook
"POST /whatsapp_webhook HTTP/1.1" 500 66
Internal Server Error: /whatsapp_webhook
"POST /whatsapp_webhook HTTP/1.1" 500 66
Internal Server Error: /whatsapp_webhook
"POST /whatsapp_webhook HTTP/1.1" 500 66
Internal Server Error: /whatsapp_webhook
"POST /whatsapp_webhook HTTP/1.1" 500 66
Internal Server Error: /whatsapp_webhook
"POST /whatsapp_webhook HTTP/1.1" 500 66
Internal Server Error: /whatsapp_webhook
"POST /whatsapp_webhook HTTP/1.1" 500 66
Internal Server Error: /whatsapp_webhook
"POST /whatsapp_webhook HTTP/1.1" 500 66
Internal Server Error: /whatsapp_webhook
"POST /whatsapp_webhook HTTP/1.1" 500 66
D:\whatsapp_integration\whatsapp_integration\messaging\service.py changed, reloading.
Watching for file changes with StatReloader
D:\whatsapp_integration\whatsapp_integration\messaging\service.py changed, reloading.
Watching for file changes with StatReloader
D:\whatsapp_integration\whatsapp_integration\messaging\service.py changed, reloading.
Watching for file changes with StatReloader
Internal Server Error: /whatsapp_webhook
"POST /whatsapp_webhook HTTP/1.1" 500 66
"GET / HTTP/1.1" 200 19762
"POST / HTTP/1.1" 302 0
"GET / HTTP/1.1" 200 19762
Internal Server Error: /whatsapp_webhook
"POST /whatsapp_webhook HTTP/1.1" 500 66
Internal Server Error: /whatsapp_webhook
"POST /whatsapp_webhook HTTP/1.1" 500 66
Internal Server Error: /whatsapp_webhook
"POST /whatsapp_webhook HTTP/1.1" 500 66
Internal Server Error: /whatsapp_webhook
"POST /whatsapp_webhook HTTP/1.1" 500 66
Internal Server Error: /whatsapp_webhook
"POST /whatsapp_webhook HTTP/1.1" 500 66
"GET / HTTP/1.1" 200 19762
"GET / HTTP/1.1" 200 19762
"GET / HTTP/1.1" 200 19762
"GET / HTTP/1.1" 200 19762
"GET / HTTP/1.1" 200 19762
"GET / HTTP/1.1" 200 19762
"GET / HTTP/1.1" 200 19762
"GET / HTTP/1.1" 200 19762
Internal Server Error: /whatsapp_webhook
"POST /whatsapp_webhook HTTP/1.1" 500 66
"POST / HTTP/1.1" 302 0
"GET / HTTP/1.1" 200 19762
Internal Server Error: /whatsapp_webhook
"POST /whatsapp_webhook HTTP/1.1" 500 66
D:\whatsapp_integration\whatsapp_integration\messaging\service.py changed, reloading.
Watching for file changes with StatReloader
"GET / HTTP/1.1" 200 19762
"POST / HTTP/1.1" 302 0
"GET / HTTP/1.1" 200 19762
Internal Server Error: /whatsapp_webhook
"POST /whatsapp_webhook HTTP/1.1" 500 66
Internal Server Error: /whatsapp_webhook
"POST /whatsapp_webhook HTTP/1.1" 500 66
Internal Server Error: /whatsapp_webhook
"POST /whatsapp_webhook HTTP/1.1" 500 66
Internal Server Error: /whatsapp_webhook
"POST /whatsapp_webhook HTTP/1.1" 500 66
D:\whatsapp_integration\whatsapp_integration\messaging\service.py changed, reloading.
Watching for file changes with StatReloader
"GET / HTTP/1.1" 200 19762
Internal Server Error: /whatsapp_webhook
"POST /whatsapp_webhook HTTP/1.1" 500 66
"POST / HTTP/1.1" 302 0
"GET / HTTP/1.1" 200 19762
Internal Server Error: /whatsapp_webhook
"POST /whatsapp_webhook HTTP/1.1" 500 66
Internal Server Error: /whatsapp_webhook
"POST /whatsapp_webhook HTTP/1.1" 500 66
Internal Server Error: /whatsapp_webhook
"POST /whatsapp_webhook HTTP/1.1" 500 66
Internal Server Error: /whatsapp_webhook
"POST /whatsapp_webhook HTTP/1.1" 500 66
Internal Server Error: /whatsapp_webhook
"POST /whatsapp_webhook HTTP/1.1" 500 66
"GET / HTTP/1.1" 200 19762
Internal Server Error: /whatsapp_webhook
"POST /whatsapp_webhook HTTP/1.1" 500 66
"POST / HTTP/1.1" 302 0
"GET / HTTP/1.1" 200 19762
Internal Server Error: /whatsapp_webhook
"POST /whatsapp_webhook HTTP/1.1" 500 66
Internal Server Error: /whatsapp_webhook
"POST /whatsapp_webhook HTTP/1.1" 500 66
Internal Server Error: /whatsapp_webhook
"POST /whatsapp_webhook HTTP/1.1" 500 66
Internal Server Error: /whatsapp_webhook
"POST /whatsapp_webhook HTTP/1.1" 500 66
Internal Server Error: /whatsapp_webhook
"POST /whatsapp_webhook HTTP/1.1" 500 66
D:\whatsapp_integration\whatsapp_integration\messaging\service.py changed, reloading.
Watching for file changes with StatReloader
D:\whatsapp_integration\whatsapp_integration\messaging\service.py changed, reloading.
Watching for file changes with StatReloader
D:\whatsapp_integration\whatsapp_integration\messaging\service.py changed, reloading.
Watching for file changes with StatReloader
D:\whatsapp_integration\whatsapp_integration\messaging\service.py changed, reloading.
Watching for file changes with StatReloader
D:\whatsapp_integration\whatsapp_integration\messaging\service.py changed, reloading.
Watching for file changes with StatReloader
D:\whatsapp_integration\whatsapp_integration\messaging\service.py changed, reloading.
Watching for file changes with StatReloader
D:\whatsapp_integration\whatsapp_integration\messaging\service.py changed, reloading.
Watching for file changes with StatReloader
Internal Server Error: /whatsapp_webhook
"POST /whatsapp_webhook HTTP/1.1" 500 66
D:\whatsapp_integration\whatsapp_integration\messaging\service.py changed, reloading.
Watching for file changes with StatReloader
D:\whatsapp_integration\whatsapp_integration\messaging\service.py changed, reloading.
Watching for file changes with StatReloader
D:\whatsapp_integration\whatsapp_integration\messaging\service.py changed, reloading.
Internal Server Error: /whatsapp_webhook
"POST /whatsapp_webhook HTTP/1.1" 500 66
Watching for file changes with StatReloader
Internal Server Error: /whatsapp_webhook
"POST /whatsapp_webhook HTTP/1.1" 500 66
Internal Server Error: /whatsapp_webhook
"POST /whatsapp_webhook HTTP/1.1" 500 66
D:\whatsapp_integration\whatsapp_integration\messaging\service.py changed, reloading.
Watching for file changes with StatReloader
"POST / HTTP/1.1" 302 0
"GET / HTTP/1.1" 200 19762
Internal Server Error: /whatsapp_webhook
"POST /whatsapp_webhook HTTP/1.1" 500 66
Internal Server Error: /whatsapp_webhook
"POST /whatsapp_webhook HTTP/1.1" 500 66
Internal Server Error: /whatsapp_webhook
"POST /whatsapp_webhook HTTP/1.1" 500 66
Internal Server Error: /whatsapp_webhook
"POST /whatsapp_webhook HTTP/1.1" 500 66
"POST / HTTP/1.1" 302 0
"GET / HTTP/1.1" 200 19762
Internal Server Error: /whatsapp_webhook
- Broken pipe from ('127.0.0.1', 51794)
Internal Server Error: /whatsapp_webhook
- Broken pipe from ('127.0.0.1', 51797)
Internal Server Error: /whatsapp_webhook
"POST /whatsapp_webhook HTTP/1.1" 500 66
Internal Server Error: /whatsapp_webhook
"POST /whatsapp_webhook HTTP/1.1" 500 66
Internal Server Error: /whatsapp_webhook
Internal Server Error: /whatsapp_webhook
- Broken pipe from ('127.0.0.1', 51810)
- Broken pipe from ('127.0.0.1', 51807)
D:\whatsapp_integration\whatsapp_integration\messaging\service.py changed, reloading.
Watching for file changes with StatReloader
D:\whatsapp_integration\whatsapp_integration\messaging\service.py changed, reloading.
Watching for file changes with StatReloader
"GET / HTTP/1.1" 200 19762
"GET / HTTP/1.1" 200 19762
"GET / HTTP/1.1" 200 19762
"GET / HTTP/1.1" 200 19762
"POST / HTTP/1.1" 302 0
"GET / HTTP/1.1" 200 19762
Internal Server Error: /whatsapp_webhook
"POST /whatsapp_webhook HTTP/1.1" 500 66
Internal Server Error: /whatsapp_webhook
- Broken pipe from ('127.0.0.1', 50247)
Internal Server Error: /whatsapp_webhook
"POST /whatsapp_webhook HTTP/1.1" 500 66
Internal Server Error: /whatsapp_webhook
"POST /whatsapp_webhook HTTP/1.1" 500 66
D:\whatsapp_integration\whatsapp_integration\messaging\service.py changed, reloading.
Watching for file changes with StatReloader
"GET / HTTP/1.1" 200 19762
Internal Server Error: /whatsapp_webhook
"POST /whatsapp_webhook HTTP/1.1" 500 66
"POST / HTTP/1.1" 302 0
"GET / HTTP/1.1" 200 19762
Internal Server Error: /whatsapp_webhook
"POST /whatsapp_webhook HTTP/1.1" 500 66
Internal Server Error: /whatsapp_webhook
"POST /whatsapp_webhook HTTP/1.1" 500 66
Internal Server Error: /whatsapp_webhook
"POST /whatsapp_webhook HTTP/1.1" 500 66
Internal Server Error: /whatsapp_webhook
"POST /whatsapp_webhook HTTP/1.1" 500 66
"GET / HTTP/1.1" 200 19762
Internal Server Error: /whatsapp_webhook
- Broken pipe from ('127.0.0.1', 50300)
"POST / HTTP/1.1" 302 0
Internal Server Error: /whatsapp_webhook
"POST /whatsapp_webhook HTTP/1.1" 500 66
"GET / HTTP/1.1" 200 19762
Internal Server Error: /whatsapp_webhook
- Broken pipe from ('127.0.0.1', 50306)
"GET / HTTP/1.1" 200 19762
D:\whatsapp_integration\whatsapp_integration\messaging\service.py changed, reloading.
Watching for file changes with StatReloader
Internal Server Error: /whatsapp_webhook
"POST /whatsapp_webhook HTTP/1.1" 500 66
Internal Server Error: /whatsapp_webhook
"POST /whatsapp_webhook HTTP/1.1" 500 66
Internal Server Error: /whatsapp_webhook
"POST /whatsapp_webhook HTTP/1.1" 500 66
Internal Server Error: /whatsapp_webhook
"POST /whatsapp_webhook HTTP/1.1" 500 66
D:\whatsapp_integration\whatsapp_integration\messaging\service.py changed, reloading.
Watching for file changes with StatReloader
Internal Server Error: /whatsapp_webhook
"POST /whatsapp_webhook HTTP/1.1" 500 66
D:\whatsapp_integration\whatsapp_integration\messaging\admin.py changed, reloading.
Watching for file changes with StatReloader
"GET / HTTP/1.1" 200 19762
"POST / HTTP/1.1" 302 0
"GET / HTTP/1.1" 200 19762
Internal Server Error: /whatsapp_webhook
"POST /whatsapp_webhook HTTP/1.1" 500 66
Internal Server Error: /whatsapp_webhook
"POST /whatsapp_webhook HTTP/1.1" 500 66
Internal Server Error: /whatsapp_webhook
"POST /whatsapp_webhook HTTP/1.1" 500 66
Internal Server Error: /whatsapp_webhook
"POST /whatsapp_webhook HTTP/1.1" 500 66
D:\whatsapp_integration\whatsapp_integration\messaging\service.py changed, reloading.
Watching for file changes with StatReloader
Internal Server Error: /whatsapp_webhook
"POST /whatsapp_webhook HTTP/1.1" 500 66
D:\whatsapp_integration\whatsapp_integration\messaging\service.py changed, reloading.
Watching for file changes with StatReloader
"GET / HTTP/1.1" 200 19762
"POST / HTTP/1.1" 302 0
"GET / HTTP/1.1" 200 19762
D:\whatsapp_integration\whatsapp_integration\messaging\service.py changed, reloading.
Watching for file changes with StatReloader
D:\whatsapp_integration\whatsapp_integration\messaging\service.py changed, reloading.
Watching for file changes with StatReloader
Internal Server Error: /whatsapp_webhook
"POST /whatsapp_webhook HTTP/1.1" 500 66
D:\whatsapp_integration\whatsapp_integration\messaging\service.py changed, reloading.
Watching for file changes with StatReloader
Internal Server Error: /whatsapp_webhook
"POST /whatsapp_webhook HTTP/1.1" 500 66
Internal Server Error: /whatsapp_webhook
"POST /whatsapp_webhook HTTP/1.1" 500 66
Internal Server Error: /whatsapp_webhook
"POST /whatsapp_webhook HTTP/1.1" 500 66
Internal Server Error: /whatsapp_webhook
"POST /whatsapp_webhook HTTP/1.1" 500 66
Internal Server Error: /whatsapp_webhook
"POST /whatsapp_webhook HTTP/1.1" 500 66
Internal Server Error: /whatsapp_webhook
"POST /whatsapp_webhook HTTP/1.1" 500 66
D:\whatsapp_integration\whatsapp_integration\messaging\service.py changed, reloading.
Watching for file changes with StatReloader
"GET / HTTP/1.1" 200 19762
Internal Server Error: /whatsapp_webhook
"POST /whatsapp_webhook HTTP/1.1" 500 66
"POST / HTTP/1.1" 302 0
"GET / HTTP/1.1" 200 19762
Internal Server Error: /whatsapp_webhook
"POST /whatsapp_webhook HTTP/1.1" 500 66
"GET / HTTP/1.1" 200 20155
Internal Server Error: /whatsapp_webhook
"POST /whatsapp_webhook HTTP/1.1" 500 66
Internal Server Error: /whatsapp_webhook
"POST /whatsapp_webhook HTTP/1.1" 500 66
Internal Server Error: /whatsapp_webhook
"POST /whatsapp_webhook HTTP/1.1" 500 66
"GET / HTTP/1.1" 200 20155
"GET / HTTP/1.1" 200 20155
"GET / HTTP/1.1" 200 20155
"GET / HTTP/1.1" 200 20155
"GET / HTTP/1.1" 200 20155
"GET / HTTP/1.1" 200 20155
"GET / HTTP/1.1" 200 20155
"GET / HTTP/1.1" 200 20155
Internal Server Error: /whatsapp_webhook
- Broken pipe from ('127.0.0.1', 50888)
D:\whatsapp_integration\whatsapp_integration\messaging\service.py changed, reloading.
Watching for file changes with StatReloader
D:\whatsapp_integration\whatsapp_integration\messaging\service.py changed, reloading.
Watching for file changes with StatReloader
D:\whatsapp_integration\whatsapp_integration\messaging\service.py changed, reloading.
Watching for file changes with StatReloader
D:\whatsapp_integration\whatsapp_integration\messaging\service.py changed, reloading.
Watching for file changes with StatReloader
D:\whatsapp_integration\whatsapp_integration\messaging\models.py changed, reloading.
Watching for file changes with StatReloader
Internal Server Error: /whatsapp_webhook
"POST /whatsapp_webhook HTTP/1.1" 500 66
"POST / HTTP/1.1" 302 0
"GET / HTTP/1.1" 200 20155
Internal Server Error: /whatsapp_webhook
"POST /whatsapp_webhook HTTP/1.1" 500 66
Internal Server Error: /whatsapp_webhook
"POST /whatsapp_webhook HTTP/1.1" 500 66
"GET / HTTP/1.1" 200 20555
Internal Server Error: /whatsapp_webhook
"POST /whatsapp_webhook HTTP/1.1" 500 66
"GET / HTTP/1.1" 200 20555
"GET / HTTP/1.1" 200 20555
Internal Server Error: /whatsapp_webhook
"POST /whatsapp_webhook HTTP/1.1" 500 66
"GET / HTTP/1.1" 200 20555
Internal Server Error: /whatsapp_webhook
"POST /whatsapp_webhook HTTP/1.1" 500 66
Internal Server Error: /whatsapp_webhook
"POST /whatsapp_webhook HTTP/1.1" 500 66
D:\whatsapp_integration\whatsapp_integration\messaging\service.py changed, reloading.
Watching for file changes with StatReloader
"GET / HTTP/1.1" 200 20563
Internal Server Error: /whatsapp_webhook
"POST /whatsapp_webhook HTTP/1.1" 500 66
Internal Server Error: /whatsapp_webhook
"POST /whatsapp_webhook HTTP/1.1" 500 66
Internal Server Error: /whatsapp_webhook
"POST /whatsapp_webhook HTTP/1.1" 500 66
Internal Server Error: /whatsapp_webhook
"POST /whatsapp_webhook HTTP/1.1" 500 66
Internal Server Error: /whatsapp_webhook
"POST /whatsapp_webhook HTTP/1.1" 500 66
Internal Server Error: /whatsapp_webhook
"POST /whatsapp_webhook HTTP/1.1" 500 66
Internal Server Error: /whatsapp_webhook
Internal Server Error: /whatsapp_webhook
"POST /whatsapp_webhook HTTP/1.1" 500 66
Internal Server Error: /whatsapp_webhook
"POST /whatsapp_webhook HTTP/1.1" 500 66
Internal Server Error: /whatsapp_webhook
"POST /whatsapp_webhook HTTP/1.1" 500 66
"POST /whatsapp_webhook HTTP/1.1" 500 66
Internal Server Error: /whatsapp_webhook
"POST /whatsapp_webhook HTTP/1.1" 500 66
Internal Server Error: /whatsapp_webhook
"POST /whatsapp_webhook HTTP/1.1" 500 66
Internal Server Error: /whatsapp_webhook
"POST /whatsapp_webhook HTTP/1.1" 500 66
Internal Server Error: /whatsapp_webhook
"POST /whatsapp_webhook HTTP/1.1" 500 66
Internal Server Error: /whatsapp_webhook
"POST /whatsapp_webhook HTTP/1.1" 500 66
Internal Server Error: /whatsapp_webhook
"POST /whatsapp_webhook HTTP/1.1" 500 66
Internal Server Error: /whatsapp_webhook
"POST /whatsapp_webhook HTTP/1.1" 500 66
Internal Server Error: /whatsapp_webhook
"POST /whatsapp_webhook HTTP/1.1" 500 66
Internal Server Error: /whatsapp_webhook
Internal Server Error: /whatsapp_webhook
Internal Server Error: /whatsapp_webhook
"POST /whatsapp_webhook HTTP/1.1" 500 66
"POST /whatsapp_webhook HTTP/1.1" 500 66
"POST /whatsapp_webhook HTTP/1.1" 500 66
Internal Server Error: /whatsapp_webhook
"POST /whatsapp_webhook HTTP/1.1" 500 66
Internal Server Error: /whatsapp_webhook
"POST /whatsapp_webhook HTTP/1.1" 500 66
Internal Server Error: /whatsapp_webhook
"POST /whatsapp_webhook HTTP/1.1" 500 66
Internal Server Error: /whatsapp_webhook
"POST /whatsapp_webhook HTTP/1.1" 500 66
Internal Server Error: /whatsapp_webhook
"POST /whatsapp_webhook HTTP/1.1" 500 66
Internal Server Error: /whatsapp_webhook
"POST /whatsapp_webhook HTTP/1.1" 500 66
Internal Server Error: /whatsapp_webhook
"POST /whatsapp_webhook HTTP/1.1" 500 66
Internal Server Error: /whatsapp_webhook
"POST /whatsapp_webhook HTTP/1.1" 500 66
Internal Server Error: /whatsapp_webhook
"POST /whatsapp_webhook HTTP/1.1" 500 66
Internal Server Error: /whatsapp_webhook
"POST /whatsapp_webhook HTTP/1.1" 500 66
Internal Server Error: /whatsapp_webhook
"POST /whatsapp_webhook HTTP/1.1" 500 66
Internal Server Error: /whatsapp_webhook
"POST /whatsapp_webhook HTTP/1.1" 500 66
Internal Server Error: /whatsapp_webhook
"POST /whatsapp_webhook HTTP/1.1" 500 66
Internal Server Error: /whatsapp_webhook
"POST /whatsapp_webhook HTTP/1.1" 500 66
Internal Server Error: /whatsapp_webhook
"POST /whatsapp_webhook HTTP/1.1" 500 66
Internal Server Error: /whatsapp_webhook
"POST /whatsapp_webhook HTTP/1.1" 500 66
Internal Server Error: /whatsapp_webhook
"POST /whatsapp_webhook HTTP/1.1" 500 66
Internal Server Error: /whatsapp_webhook
"POST /whatsapp_webhook HTTP/1.1" 500 66
Internal Server Error: /whatsapp_webhook
"POST /whatsapp_webhook HTTP/1.1" 500 66
Internal Server Error: /whatsapp_webhook
"POST /whatsapp_webhook HTTP/1.1" 500 66
Internal Server Error: /whatsapp_webhook
Internal Server Error: /whatsapp_webhook
"POST /whatsapp_webhook HTTP/1.1" 500 66
"POST /whatsapp_webhook HTTP/1.1" 500 66
Internal Server Error: /whatsapp_webhook
"POST /whatsapp_webhook HTTP/1.1" 500 66
Internal Server Error: /whatsapp_webhook
"POST /whatsapp_webhook HTTP/1.1" 500 66
Internal Server Error: /whatsapp_webhook
"POST /whatsapp_webhook HTTP/1.1" 500 66
Internal Server Error: /whatsapp_webhook
"POST /whatsapp_webhook HTTP/1.1" 500 66
Internal Server Error: /whatsapp_webhook
"POST /whatsapp_webhook HTTP/1.1" 500 66
Internal Server Error: /whatsapp_webhook
"POST /whatsapp_webhook HTTP/1.1" 500 66
Internal Server Error: /whatsapp_webhook
"POST /whatsapp_webhook HTTP/1.1" 500 66
Internal Server Error: /whatsapp_webhook
"POST /whatsapp_webhook HTTP/1.1" 500 66
Internal Server Error: /whatsapp_webhook
"POST /whatsapp_webhook HTTP/1.1" 500 66
Internal Server Error: /whatsapp_webhook
"POST /whatsapp_webhook HTTP/1.1" 500 66
Internal Server Error: /whatsapp_webhook
"POST /whatsapp_webhook HTTP/1.1" 500 66
Internal Server Error: /whatsapp_webhook
"POST /whatsapp_webhook HTTP/1.1" 500 66
"GET / HTTP/1.1" 200 20563
Internal Server Error: /whatsapp_webhook
"POST /whatsapp_webhook HTTP/1.1" 500 66
Internal Server Error: /whatsapp_webhook
"POST /whatsapp_webhook HTTP/1.1" 500 66
Internal Server Error: /whatsapp_webhook
"POST /whatsapp_webhook HTTP/1.1" 500 66
Internal Server Error: /whatsapp_webhook
"POST /whatsapp_webhook HTTP/1.1" 500 66
Internal Server Error: /whatsapp_webhook
"POST /whatsapp_webhook HTTP/1.1" 500 66
Internal Server Error: /whatsapp_webhook
"POST /whatsapp_webhook HTTP/1.1" 500 66
Internal Server Error: /whatsapp_webhook
"POST /whatsapp_webhook HTTP/1.1" 500 66
Internal Server Error: /whatsapp_webhook
"POST /whatsapp_webhook HTTP/1.1" 500 66
Internal Server Error: /whatsapp_webhook
"POST /whatsapp_webhook HTTP/1.1" 500 66
Internal Server Error: /whatsapp_webhook
"POST /whatsapp_webhook HTTP/1.1" 500 66
Internal Server Error: /whatsapp_webhook
"POST /whatsapp_webhook HTTP/1.1" 500 66
Internal Server Error: /whatsapp_webhook
"POST /whatsapp_webhook HTTP/1.1" 500 66
Internal Server Error: /whatsapp_webhook
"POST /whatsapp_webhook HTTP/1.1" 500 66
Internal Server Error: /whatsapp_webhook
"POST /whatsapp_webhook HTTP/1.1" 500 66
Internal Server Error: /whatsapp_webhook
"POST /whatsapp_webhook HTTP/1.1" 500 66
Internal Server Error: /whatsapp_webhook
"POST /whatsapp_webhook HTTP/1.1" 500 66
Internal Server Error: /whatsapp_webhook
"POST /whatsapp_webhook HTTP/1.1" 500 66
Internal Server Error: /whatsapp_webhook
"POST /whatsapp_webhook HTTP/1.1" 500 66
Internal Server Error: /whatsapp_webhook
"POST /whatsapp_webhook HTTP/1.1" 500 66
"GET / HTTP/1.1" 200 20563
Internal Server Error: /whatsapp_webhook
"POST /whatsapp_webhook HTTP/1.1" 500 66
Internal Server Error: /whatsapp_webhook
"POST /whatsapp_webhook HTTP/1.1" 500 66
Internal Server Error: /whatsapp_webhook
"POST /whatsapp_webhook HTTP/1.1" 500 66
Internal Server Error: /whatsapp_webhook
"POST /whatsapp_webhook HTTP/1.1" 500 66
Internal Server Error: /whatsapp_webhook
"POST /whatsapp_webhook HTTP/1.1" 500 66
Internal Server Error: /whatsapp_webhook
"POST /whatsapp_webhook HTTP/1.1" 500 66
Internal Server Error: /whatsapp_webhook
"POST /whatsapp_webhook HTTP/1.1" 500 66
Internal Server Error: /whatsapp_webhook
"POST /whatsapp_webhook HTTP/1.1" 500 66
Internal Server Error: /whatsapp_webhook
"POST /whatsapp_webhook HTTP/1.1" 500 66
Internal Server Error: /whatsapp_webhook
"POST /whatsapp_webhook HTTP/1.1" 500 66
Internal Server Error: /whatsapp_webhook
"POST /whatsapp_webhook HTTP/1.1" 500 66
Internal Server Error: /whatsapp_webhook
"POST /whatsapp_webhook HTTP/1.1" 500 66
Internal Server Error: /whatsapp_webhook
"POST /whatsapp_webhook HTTP/1.1" 500 66
Internal Server Error: /whatsapp_webhook
"POST /whatsapp_webhook HTTP/1.1" 500 66
Internal Server Error: /whatsapp_webhook
"POST /whatsapp_webhook HTTP/1.1" 500 66
Internal Server Error: /whatsapp_webhook
"POST /whatsapp_webhook HTTP/1.1" 500 66
Internal Server Error: /whatsapp_webhook
"POST /whatsapp_webhook HTTP/1.1" 500 66
Internal Server Error: /whatsapp_webhook
"POST /whatsapp_webhook HTTP/1.1" 500 66
Internal Server Error: /whatsapp_webhook
"POST /whatsapp_webhook HTTP/1.1" 500 66
Internal Server Error: /whatsapp_webhook
"POST /whatsapp_webhook HTTP/1.1" 500 66
Internal Server Error: /whatsapp_webhook
"POST /whatsapp_webhook HTTP/1.1" 500 66
Internal Server Error: /whatsapp_webhook
"POST /whatsapp_webhook HTTP/1.1" 500 66
"GET / HTTP/1.1" 200 20563
D:\whatsapp_integration\whatsapp_integration\messaging\service.py changed, reloading.
Watching for file changes with StatReloader
Internal Server Error: /whatsapp_webhook
"POST /whatsapp_webhook HTTP/1.1" 500 66
Internal Server Error: /whatsapp_webhook
"POST /whatsapp_webhook HTTP/1.1" 500 66
Internal Server Error: /whatsapp_webhook
"POST /whatsapp_webhook HTTP/1.1" 500 66
Internal Server Error: /whatsapp_webhook
"POST /whatsapp_webhook HTTP/1.1" 500 66
Internal Server Error: /whatsapp_webhook
"POST /whatsapp_webhook HTTP/1.1" 500 66
Internal Server Error: /whatsapp_webhook
"POST /whatsapp_webhook HTTP/1.1" 500 66
Internal Server Error: /whatsapp_webhook
"POST /whatsapp_webhook HTTP/1.1" 500 66
Internal Server Error: /whatsapp_webhook
"POST /whatsapp_webhook HTTP/1.1" 500 66
Internal Server Error: /whatsapp_webhook
"POST /whatsapp_webhook HTTP/1.1" 500 66
D:\whatsapp_integration\whatsapp_integration\messaging\service.py changed, reloading.
Internal Server Error: /whatsapp_webhook
"POST /whatsapp_webhook HTTP/1.1" 500 66
Watching for file changes with StatReloader
"GET / HTTP/1.1" 200 20563
D:\whatsapp_integration\whatsapp_integration\messaging\service.py changed, reloading.
Internal Server Error: /whatsapp_webhook
"POST /whatsapp_webhook HTTP/1.1" 500 66
Internal Server Error: /whatsapp_webhook
- Broken pipe from ('127.0.0.1', 51381)
Internal Server Error: /whatsapp_webhook
Internal Server Error: /whatsapp_webhook
Internal Server Error: /whatsapp_webhook
Internal Server Error: /whatsapp_webhook
"POST /whatsapp_webhook HTTP/1.1" 500 66
Internal Server Error: /whatsapp_webhook
Internal Server Error: /whatsapp_webhook
Internal Server Error: /whatsapp_webhook
- Broken pipe from ('127.0.0.1', 51373)
- Broken pipe from ('127.0.0.1', 51385)
Internal Server Error: /whatsapp_webhook
- Broken pipe from ('127.0.0.1', 51375)
- Broken pipe from ('127.0.0.1', 51377)
- Broken pipe from ('127.0.0.1', 51379)
- Broken pipe from ('127.0.0.1', 51391)
- Broken pipe from ('127.0.0.1', 51367)
Internal Server Error: /whatsapp_webhook
Internal Server Error: /whatsapp_webhook
"POST /whatsapp_webhook HTTP/1.1" 500 66
Internal Server Error: /whatsapp_webhook
Internal Server Error: /whatsapp_webhook
"POST /whatsapp_webhook HTTP/1.1" 500 66
- Broken pipe from ('127.0.0.1', 51383)
- Broken pipe from ('127.0.0.1', 51394)
Internal Server Error: /whatsapp_webhook
"POST /whatsapp_webhook HTTP/1.1" 500 66
Watching for file changes with StatReloader
Internal Server Error: /whatsapp_webhook
"POST /whatsapp_webhook HTTP/1.1" 500 66
Internal Server Error: /whatsapp_webhook
"POST /whatsapp_webhook HTTP/1.1" 500 66
D:\whatsapp_integration\whatsapp_integration\messaging\service.py changed, reloading.
Watching for file changes with StatReloader
D:\whatsapp_integration\whatsapp_integration\messaging\service.py changed, reloading.
Watching for file changes with StatReloader
Internal Server Error: /whatsapp_webhook
"POST /whatsapp_webhook HTTP/1.1" 500 66
D:\whatsapp_integration\whatsapp_integration\messaging\service.py changed, reloading.
Watching for file changes with StatReloader
D:\whatsapp_integration\whatsapp_integration\messaging\service.py changed, reloading.
Watching for file changes with StatReloader
"GET / HTTP/1.1" 200 20563
"GET / HTTP/1.1" 200 20563
Internal Server Error: /whatsapp_webhook
"POST /whatsapp_webhook HTTP/1.1" 500 66
Internal Server Error: /whatsapp_webhook
"POST /whatsapp_webhook HTTP/1.1" 500 66
Internal Server Error: /whatsapp_webhook
"POST /whatsapp_webhook HTTP/1.1" 500 66
Internal Server Error: /whatsapp_webhook
"POST /whatsapp_webhook HTTP/1.1" 500 66
"GET / HTTP/1.1" 200 20970
"GET / HTTP/1.1" 200 20970
Internal Server Error: /whatsapp_webhook
"POST /whatsapp_webhook HTTP/1.1" 500 66
Internal Server Error: /whatsapp_webhook
"POST /whatsapp_webhook HTTP/1.1" 500 66
D:\whatsapp_integration\whatsapp_integration\messaging\service.py changed, reloading.
Watching for file changes with StatReloader
Internal Server Error: /whatsapp_webhook
"POST /whatsapp_webhook HTTP/1.1" 500 66
Internal Server Error: /whatsapp_webhook
"POST /whatsapp_webhook HTTP/1.1" 500 66
D:\whatsapp_integration\whatsapp_integration\messaging\service.py changed, reloading.
Watching for file changes with StatReloader
"GET / HTTP/1.1" 200 20970
"GET / HTTP/1.1" 200 20970
"GET / HTTP/1.1" 200 20970
"GET / HTTP/1.1" 200 20970
"POST / HTTP/1.1" 302 0
"GET / HTTP/1.1" 200 20970
Internal Server Error: /whatsapp_webhook
"POST /whatsapp_webhook HTTP/1.1" 500 66
"GET / HTTP/1.1" 200 21387
Internal Server Error: /whatsapp_webhook
"POST /whatsapp_webhook HTTP/1.1" 500 66
Internal Server Error: /whatsapp_webhook
"POST /whatsapp_webhook HTTP/1.1" 500 66
Internal Server Error: /whatsapp_webhook
"POST /whatsapp_webhook HTTP/1.1" 500 66
Internal Server Error: /whatsapp_webhook
"POST /whatsapp_webhook HTTP/1.1" 500 66
Internal Server Error: /whatsapp_webhook
"POST /whatsapp_webhook HTTP/1.1" 500 66
Internal Server Error: /whatsapp_webhook
"POST /whatsapp_webhook HTTP/1.1" 500 66
Internal Server Error: /whatsapp_webhook
"POST /whatsapp_webhook HTTP/1.1" 500 66
"GET / HTTP/1.1" 200 21387
Internal Server Error: /whatsapp_webhook
"POST /whatsapp_webhook HTTP/1.1" 500 66
"GET / HTTP/1.1" 200 21387
"GET / HTTP/1.1" 200 21387
"GET / HTTP/1.1" 200 21387
"GET / HTTP/1.1" 200 21387
"GET / HTTP/1.1" 200 21387
"GET / HTTP/1.1" 200 21387
"GET / HTTP/1.1" 200 21387
"GET / HTTP/1.1" 200 21387
"GET / HTTP/1.1" 200 21387
"GET / HTTP/1.1" 200 21387
"GET / HTTP/1.1" 200 21387
"GET / HTTP/1.1" 200 21387
"GET / HTTP/1.1" 200 21387
"GET / HTTP/1.1" 200 21387
"GET / HTTP/1.1" 200 21387
"GET / HTTP/1.1" 200 21387
"GET / HTTP/1.1" 200 21387
Internal Server Error: /whatsapp_webhook
"POST /whatsapp_webhook HTTP/1.1" 500 66
"GET / HTTP/1.1" 200 21387
"GET / HTTP/1.1" 200 21387
"GET / HTTP/1.1" 200 21387
Internal Server Error: /whatsapp_webhook
"POST /whatsapp_webhook HTTP/1.1" 500 66
"GET / HTTP/1.1" 200 21387
"GET / HTTP/1.1" 200 21387
"GET / HTTP/1.1" 200 21387
"GET / HTTP/1.1" 200 21387
"GET / HTTP/1.1" 200 21387
"GET / HTTP/1.1" 200 21387
"GET / HTTP/1.1" 200 21387
"GET / HTTP/1.1" 200 21387
"GET / HTTP/1.1" 200 21387
"GET / HTTP/1.1" 200 21387
"GET / HTTP/1.1" 200 21387
"GET / HTTP/1.1" 200 21387
"GET / HTTP/1.1" 200 21387
"GET / HTTP/1.1" 200 21387
"GET / HTTP/1.1" 200 21387
"GET / HTTP/1.1" 200 21387
"GET /admin HTTP/1.1" 301 0
"GET /admin/ HTTP/1.1" 302 0
"GET /admin/login/?next=/admin/ HTTP/1.1" 200 4160
"GET /static/admin/css/base.css HTTP/1.1" 200 22092
"GET /static/admin/css/dark_mode.css HTTP/1.1" 200 2804
"GET /static/admin/css/login.css HTTP/1.1" 200 951
"GET /static/admin/css/nav_sidebar.css HTTP/1.1" 200 2810
"GET /static/admin/css/responsive.css HTTP/1.1" 200 17972
"GET /static/admin/js/theme.js HTTP/1.1" 200 1653
"GET /static/admin/js/nav_sidebar.js HTTP/1.1" 200 3063
"POST /admin/login/?next=/admin/ HTTP/1.1" 200 4321
"POST /admin/login/?next=/admin/ HTTP/1.1" 302 0
"GET /admin/ HTTP/1.1" 200 10854
"GET /static/admin/css/dashboard.css HTTP/1.1" 200 441
"GET /static/admin/img/icon-changelink.svg HTTP/1.1" 200 380
"GET /static/admin/img/icon-addlink.svg HTTP/1.1" 200 331
"GET /static/admin/img/icon-deletelink.svg HTTP/1.1" 200 392
"GET /admin/messaging/whatsappmessage/ HTTP/1.1" 200 24442
"GET /static/admin/css/changelists.css HTTP/1.1" 200 6878
"GET /static/admin/js/actions.js HTTP/1.1" 200 8076
"GET /admin/jsi18n/ HTTP/1.1" 200 3342
"GET /static/admin/js/admin/RelatedObjectLookups.js HTTP/1.1" 200 9097
"GET /static/admin/js/urlify.js HTTP/1.1" 200 7887
"GET /static/admin/js/jquery.init.js HTTP/1.1" 200 347
"GET /static/admin/js/core.js HTTP/1.1" 200 6208
"GET /static/admin/js/prepopulate.js HTTP/1.1" 200 1531
"GET /static/admin/js/vendor/jquery/jquery.js HTTP/1.1" 200 285314
"GET /static/admin/js/filters.js HTTP/1.1" 200 978
"GET /static/admin/js/vendor/xregexp/xregexp.js HTTP/1.1" 200 325171
"GET /static/admin/img/tooltag-add.svg HTTP/1.1" 200 331
"GET /admin/messaging/whatsappmessage/78/change/ HTTP/1.1" 200 12426
"GET /admin/jsi18n/ HTTP/1.1" 200 3342
"GET /static/admin/js/prepopulate_init.js HTTP/1.1" 200 586
"GET /static/admin/css/forms.css HTTP/1.1" 200 8794
"GET /static/admin/css/widgets.css HTTP/1.1" 200 11564
"GET /static/admin/js/change_form.js HTTP/1.1" 200 606
"GET /admin/messaging/whatsappmessage/78/change/ HTTP/1.1" 200 12426
"GET /admin/jsi18n/ HTTP/1.1" 200 3342
Internal Server Error: /whatsapp_webhook
"POST /whatsapp_webhook HTTP/1.1" 500 66
"GET / HTTP/1.1" 200 21387
"GET / HTTP/1.1" 200 21387
"GET / HTTP/1.1" 200 21387
"POST / HTTP/1.1" 302 0
"GET / HTTP/1.1" 200 21387
Internal Server Error: /whatsapp_webhook
"POST /whatsapp_webhook HTTP/1.1" 500 66
Internal Server Error: /whatsapp_webhook
"POST /whatsapp_webhook HTTP/1.1" 500 66
Internal Server Error: /whatsapp_webhook
"POST /whatsapp_webhook HTTP/1.1" 500 66
Internal Server Error: /whatsapp_webhook
"POST /whatsapp_webhook HTTP/1.1" 500 66
Internal Server Error: /whatsapp_webhook
"POST /whatsapp_webhook HTTP/1.1" 500 66
Internal Server Error: /whatsapp_webhook
"POST /whatsapp_webhook HTTP/1.1" 500 66
Internal Server Error: /whatsapp_webhook
"POST /whatsapp_webhook HTTP/1.1" 500 66
Internal Server Error: /whatsapp_webhook
"POST /whatsapp_webhook HTTP/1.1" 500 66
"GET / HTTP/1.1" 200 21802
"GET / HTTP/1.1" 200 21802
"GET / HTTP/1.1" 200 21802
"GET / HTTP/1.1" 200 21802
"GET / HTTP/1.1" 200 21802
"POST / HTTP/1.1" 302 0
"GET / HTTP/1.1" 200 21802
Internal Server Error: /whatsapp_webhook
"POST /whatsapp_webhook HTTP/1.1" 500 66
Internal Server Error: /whatsapp_webhook
"POST /whatsapp_webhook HTTP/1.1" 500 66
Internal Server Error: /whatsapp_webhook
"POST /whatsapp_webhook HTTP/1.1" 500 66
Internal Server Error: /whatsapp_webhook
"POST /whatsapp_webhook HTTP/1.1" 500 66
Internal Server Error: /whatsapp_webhook
"POST /whatsapp_webhook HTTP/1.1" 500 66
Internal Server Error: /whatsapp_webhook
"POST /whatsapp_webhook HTTP/1.1" 500 66
"GET / HTTP/1.1" 200 22204
Internal Server Error: /whatsapp_webhook
- Broken pipe from ('127.0.0.1', 51696)
Internal Server Error: /whatsapp_webhook
"POST /whatsapp_webhook HTTP/1.1" 500 66
Internal Server Error: /whatsapp_webhook
- Broken pipe from ('127.0.0.1', 51698)
Internal Server Error: /whatsapp_webhook
"POST /whatsapp_webhook HTTP/1.1" 500 66
Internal Server Error: /whatsapp_webhook
"POST /whatsapp_webhook HTTP/1.1" 500 66
D:\whatsapp_integration\whatsapp_integration\messaging\service.py changed, reloading.
Watching for file changes with StatReloader
D:\whatsapp_integration\whatsapp_integration\messaging\service.py changed, reloading.
Watching for file changes with StatReloader
D:\whatsapp_integration\whatsapp_integration\messaging\service.py changed, reloading.
Watching for file changes with StatReloader
"GET / HTTP/1.1" 200 22204
"GET / HTTP/1.1" 200 22204
"GET / HTTP/1.1" 200 22204
"POST / HTTP/1.1" 302 0
"GET / HTTP/1.1" 200 22204
Internal Server Error: /whatsapp_webhook
"POST /whatsapp_webhook HTTP/1.1" 500 66
"GET / HTTP/1.1" 200 22994
Internal Server Error: /whatsapp_webhook
"POST /whatsapp_webhook HTTP/1.1" 500 66
Internal Server Error: /whatsapp_webhook
"POST /whatsapp_webhook HTTP/1.1" 500 66
"GET / HTTP/1.1" 200 23004
"GET / HTTP/1.1" 200 23004
Internal Server Error: /whatsapp_webhook
"POST /whatsapp_webhook HTTP/1.1" 500 66
"GET / HTTP/1.1" 200 23004
"GET / HTTP/1.1" 200 23004
Internal Server Error: /whatsapp_webhook
"POST /whatsapp_webhook HTTP/1.1" 500 66
Internal Server Error: /whatsapp_webhook
"POST /whatsapp_webhook HTTP/1.1" 500 66
"GET / HTTP/1.1" 200 23392
"GET / HTTP/1.1" 200 23392
Internal Server Error: /whatsapp_webhook
"POST /whatsapp_webhook HTTP/1.1" 500 66
"GET / HTTP/1.1" 200 23392
Internal Server Error: /whatsapp_webhook
"POST /whatsapp_webhook HTTP/1.1" 500 66
Internal Server Error: /whatsapp_webhook
"POST /whatsapp_webhook HTTP/1.1" 500 66
"GET / HTTP/1.1" 200 23392
"GET / HTTP/1.1" 200 23392
"GET / HTTP/1.1" 200 23392
"GET / HTTP/1.1" 200 23392
"GET / HTTP/1.1" 200 23392
"GET / HTTP/1.1" 200 23392
"GET / HTTP/1.1" 200 23392
Internal Server Error: /whatsapp_webhook
"POST /whatsapp_webhook HTTP/1.1" 500 66
Internal Server Error: /whatsapp_webhook
"POST /whatsapp_webhook HTTP/1.1" 500 66
Internal Server Error: /whatsapp_webhook
"POST /whatsapp_webhook HTTP/1.1" 500 66
Internal Server Error: /whatsapp_webhook
"POST /whatsapp_webhook HTTP/1.1" 500 66
Internal Server Error: /whatsapp_webhook
"POST /whatsapp_webhook HTTP/1.1" 500 66
Internal Server Error: /whatsapp_webhook
"POST /whatsapp_webhook HTTP/1.1" 500 66
Internal Server Error: /whatsapp_webhook
"POST /whatsapp_webhook HTTP/1.1" 500 66
Internal Server Error: /whatsapp_webhook
- Broken pipe from ('127.0.0.1', 51826)
Internal Server Error: /whatsapp_webhook
"POST /whatsapp_webhook HTTP/1.1" 500 66
Internal Server Error: /whatsapp_webhook
"POST /whatsapp_webhook HTTP/1.1" 500 66
Internal Server Error: /whatsapp_webhook
"POST /whatsapp_webhook HTTP/1.1" 500 66
Internal Server Error: /whatsapp_webhook
"POST /whatsapp_webhook HTTP/1.1" 500 66
D:\whatsapp_integration\whatsapp_integration\messaging\service.py changed, reloading.
Watching for file changes with StatReloader
D:\whatsapp_integration\whatsapp_integration\messaging\service.py changed, reloading.
Watching for file changes with StatReloader
Internal Server Error: /whatsapp_webhook
"POST /whatsapp_webhook HTTP/1.1" 500 66
Internal Server Error: /whatsapp_webhook
"POST /whatsapp_webhook HTTP/1.1" 500 66
Internal Server Error: /whatsapp_webhook
"POST /whatsapp_webhook HTTP/1.1" 500 66
Internal Server Error: /whatsapp_webhook
"POST /whatsapp_webhook HTTP/1.1" 500 66
Internal Server Error: /whatsapp_webhook
"POST /whatsapp_webhook HTTP/1.1" 500 66
"GET / HTTP/1.1" 200 24196
"GET / HTTP/1.1" 200 24196
"GET / HTTP/1.1" 200 24196
"GET / HTTP/1.1" 200 24196
"GET / HTTP/1.1" 200 24196
"GET / HTTP/1.1" 200 24196
"GET / HTTP/1.1" 200 24196
"GET / HTTP/1.1" 200 24196
"GET / HTTP/1.1" 200 24196
"GET / HTTP/1.1" 200 24196
"GET / HTTP/1.1" 200 24196
"GET / HTTP/1.1" 200 24196
"GET / HTTP/1.1" 200 24196
"GET / HTTP/1.1" 200 24196
"GET / HTTP/1.1" 200 24196
"GET / HTTP/1.1" 200 24196
"GET / HTTP/1.1" 200 24196
"GET / HTTP/1.1" 200 24196
"GET / HTTP/1.1" 200 24196
"GET / HTTP/1.1" 200 24196
"GET / HTTP/1.1" 200 24196
Internal Server Error: /whatsapp_webhook
"POST /whatsapp_webhook HTTP/1.1" 500 66
"GET / HTTP/1.1" 200 24196
"GET / HTTP/1.1" 200 24196
"GET / HTTP/1.1" 200 24196
"GET / HTTP/1.1" 200 24196
"GET / HTTP/1.1" 200 24196
"GET / HTTP/1.1" 200 24196
"GET / HTTP/1.1" 200 24196
"GET / HTTP/1.1" 200 24196
"GET / HTTP/1.1" 200 24196
"GET / HTTP/1.1" 200 24196
"GET / HTTP/1.1" 200 24196
"GET / HTTP/1.1" 200 24196
"GET / HTTP/1.1" 200 24196
"GET / HTTP/1.1" 200 24196
"GET / HTTP/1.1" 200 24196
"GET / HTTP/1.1" 200 24196
"GET /admin/messaging/whatsappmessage/ HTTP/1.1" 200 28414
"POST /admin/messaging/whatsappmessage/ HTTP/1.1" 200 14506
"GET /static/admin/js/cancel.js HTTP/1.1" 200 884
"POST /admin/messaging/whatsappmessage/ HTTP/1.1" 302 0
"GET /admin/messaging/whatsappmessage/ HTTP/1.1" 200 8599
"GET /admin/jsi18n/ HTTP/1.1" 200 3342
"GET /static/admin/img/icon-yes.svg HTTP/1.1" 200 436
"GET /admin/messaging/whatsappmessage/ HTTP/1.1" 200 8450
"GET /admin/jsi18n/ HTTP/1.1" 200 3342
Internal Server Error: /whatsapp_webhook
"POST /whatsapp_webhook HTTP/1.1" 500 66
"GET / HTTP/1.1" 200 5810
"GET / HTTP/1.1" 200 5810
"GET / HTTP/1.1" 200 5810
"GET / HTTP/1.1" 200 5810
"GET / HTTP/1.1" 200 5810
"GET / HTTP/1.1" 200 5810
Internal Server Error: /whatsapp_webhook
"POST /whatsapp_webhook HTTP/1.1" 500 66
"POST / HTTP/1.1" 302 0
"GET / HTTP/1.1" 200 5810
"GET / HTTP/1.1" 200 6223
Internal Server Error: /whatsapp_webhook
"POST /whatsapp_webhook HTTP/1.1" 500 66
Internal Server Error: /whatsapp_webhook
"POST /whatsapp_webhook HTTP/1.1" 500 66
Internal Server Error: /whatsapp_webhook
"POST /whatsapp_webhook HTTP/1.1" 500 66
Internal Server Error: /whatsapp_webhook
"POST /whatsapp_webhook HTTP/1.1" 500 66
Internal Server Error: /whatsapp_webhook
"POST /whatsapp_webhook HTTP/1.1" 500 66
"GET / HTTP/1.1" 200 6223
Internal Server Error: /whatsapp_webhook
"POST /whatsapp_webhook HTTP/1.1" 500 66
Internal Server Error: /whatsapp_webhook
"POST /whatsapp_webhook HTTP/1.1" 500 66
"GET / HTTP/1.1" 200 6223
Internal Server Error: /whatsapp_webhook
"POST /whatsapp_webhook HTTP/1.1" 500 66
"GET / HTTP/1.1" 200 6223
"GET / HTTP/1.1" 200 6223
"GET / HTTP/1.1" 200 6223
"GET / HTTP/1.1" 200 6223
"GET / HTTP/1.1" 200 6223
"GET / HTTP/1.1" 200 6223
"GET / HTTP/1.1" 200 6223
"GET / HTTP/1.1" 200 6223
"GET / HTTP/1.1" 200 6223
"GET / HTTP/1.1" 200 6223
"GET / HTTP/1.1" 200 6223
"GET / HTTP/1.1" 200 6223
"GET / HTTP/1.1" 200 6223
"GET / HTTP/1.1" 200 6223
"GET / HTTP/1.1" 200 6223
"GET / HTTP/1.1" 200 6223
"GET / HTTP/1.1" 200 6223
"GET / HTTP/1.1" 200 6223
"GET /admin/messaging/whatsappmessage/ HTTP/1.1" 200 10782
"GET /admin/jsi18n/ HTTP/1.1" 200 3342
"GET /admin/messaging/whatsappmessage/86/change/ HTTP/1.1" 200 12422
"GET /admin/jsi18n/ HTTP/1.1" 200 3342
"GET /admin/messaging/whatsappmessage/86/change/ HTTP/1.1" 200 12422
"GET /admin/jsi18n/ HTTP/1.1" 200 3342
"GET /admin/messaging/whatsappmessage/86/change/ HTTP/1.1" 200 12422
"GET /admin/jsi18n/ HTTP/1.1" 200 3342
"GET / HTTP/1.1" 200 6223
"GET / HTTP/1.1" 200 6223
"GET / HTTP/1.1" 200 6223
Internal Server Error: /whatsapp_webhook
"POST /whatsapp_webhook HTTP/1.1" 500 66
Internal Server Error: /whatsapp_webhook
"POST /whatsapp_webhook HTTP/1.1" 500 66
"GET / HTTP/1.1" 200 6223
"GET / HTTP/1.1" 200 6223
"GET / HTTP/1.1" 200 6223
"GET / HTTP/1.1" 200 6223
"GET / HTTP/1.1" 200 6223
"GET / HTTP/1.1" 200 6223
Internal Server Error: /whatsapp_webhook
"POST /whatsapp_webhook HTTP/1.1" 500 66
"GET / HTTP/1.1" 200 6223
"GET / HTTP/1.1" 200 6223
"GET / HTTP/1.1" 200 6223
"GET / HTTP/1.1" 200 6223
Internal Server Error: /whatsapp_webhook
"POST /whatsapp_webhook HTTP/1.1" 500 66
"GET / HTTP/1.1" 200 6223
"GET / HTTP/1.1" 200 6223
"GET / HTTP/1.1" 200 6223
"GET / HTTP/1.1" 200 6223
Internal Server Error: /whatsapp_webhook
"POST /whatsapp_webhook HTTP/1.1" 500 66
Internal Server Error: /whatsapp_webhook
"POST /whatsapp_webhook HTTP/1.1" 500 66
Internal Server Error: /whatsapp_webhook
"POST /whatsapp_webhook HTTP/1.1" 500 66
Internal Server Error: /whatsapp_webhook
"POST /whatsapp_webhook HTTP/1.1" 500 66
"GET / HTTP/1.1" 200 6223
"GET / HTTP/1.1" 200 6223
"GET / HTTP/1.1" 200 6223
"GET / HTTP/1.1" 200 6223
"GET / HTTP/1.1" 200 6223
Internal Server Error: /whatsapp_webhook
"POST /whatsapp_webhook HTTP/1.1" 500 66
"GET / HTTP/1.1" 200 6223
"GET / HTTP/1.1" 200 6223
"GET / HTTP/1.1" 200 6223
Internal Server Error: /whatsapp_webhook
"POST /whatsapp_webhook HTTP/1.1" 500 66
D:\whatsapp_integration\whatsapp_integration\messaging\service.py changed, reloading.
Watching for file changes with StatReloader
"GET / HTTP/1.1" 200 6223
"GET / HTTP/1.1" 200 6223
"GET / HTTP/1.1" 200 6223
"GET / HTTP/1.1" 200 6223
"GET / HTTP/1.1" 200 6223
"GET / HTTP/1.1" 200 6223
"GET / HTTP/1.1" 200 6223
"GET / HTTP/1.1" 200 6223
Internal Server Error: /whatsapp_webhook
"POST /whatsapp_webhook HTTP/1.1" 500 66
"POST / HTTP/1.1" 302 0
"GET / HTTP/1.1" 200 6223
Internal Server Error: /whatsapp_webhook
"POST /whatsapp_webhook HTTP/1.1" 500 66
Internal Server Error: /whatsapp_webhook
"POST /whatsapp_webhook HTTP/1.1" 500 66
Internal Server Error: /whatsapp_webhook
"POST /whatsapp_webhook HTTP/1.1" 500 66
Internal Server Error: /whatsapp_webhook
"POST /whatsapp_webhook HTTP/1.1" 500 66
Internal Server Error: /whatsapp_webhook
"POST /whatsapp_webhook HTTP/1.1" 500 66
Internal Server Error: /whatsapp_webhook
"POST /whatsapp_webhook HTTP/1.1" 500 66
Internal Server Error: /whatsapp_webhook
"POST /whatsapp_webhook HTTP/1.1" 500 66
"GET / HTTP/1.1" 200 6642
Internal Server Error: /whatsapp_webhook
"POST /whatsapp_webhook HTTP/1.1" 500 66
"GET / HTTP/1.1" 200 6642
"GET / HTTP/1.1" 200 6642
"GET / HTTP/1.1" 200 6642
"GET / HTTP/1.1" 200 6642
"GET / HTTP/1.1" 200 6642
"GET / HTTP/1.1" 200 6642
Internal Server Error: /whatsapp_webhook
"POST /whatsapp_webhook HTTP/1.1" 500 66
Internal Server Error: /whatsapp_webhook
Internal Server Error: /whatsapp_webhook
"POST /whatsapp_webhook HTTP/1.1" 500 66
"POST /whatsapp_webhook HTTP/1.1" 500 66
D:\whatsapp_integration\whatsapp_integration\messaging\service.py changed, reloading.
Watching for file changes with StatReloader
D:\whatsapp_integration\whatsapp_integration\messaging\service.py changed, reloading.
Watching for file changes with StatReloader
Internal Server Error: /whatsapp_webhook
"POST /whatsapp_webhook HTTP/1.1" 500 66
D:\whatsapp_integration\whatsapp_integration\messaging\service.py changed, reloading.
Watching for file changes with StatReloader
"GET / HTTP/1.1" 200 6642
"GET / HTTP/1.1" 200 6642
"GET / HTTP/1.1" 200 6642
"GET / HTTP/1.1" 200 6642
"GET / HTTP/1.1" 200 6642
"GET / HTTP/1.1" 200 6642
D:\whatsapp_integration\whatsapp_integration\messaging\service.py changed, reloading.
Watching for file changes with StatReloader
"GET / HTTP/1.1" 200 6642
"GET / HTTP/1.1" 200 6642
"GET / HTTP/1.1" 200 6642
"GET / HTTP/1.1" 200 6642
"GET / HTTP/1.1" 200 6642
"GET / HTTP/1.1" 200 6642
"GET / HTTP/1.1" 200 6642
"GET / HTTP/1.1" 200 6642
Internal Server Error: /whatsapp_webhook
- Broken pipe from ('127.0.0.1', 50747)
D:\whatsapp_integration\whatsapp_integration\messaging\service.py changed, reloading.
Watching for file changes with StatReloader
Internal Server Error: /whatsapp_webhook
"POST /whatsapp_webhook HTTP/1.1" 500 66
Internal Server Error: /whatsapp_webhook
"POST /whatsapp_webhook HTTP/1.1" 500 66
"GET / HTTP/1.1" 200 6652
"GET / HTTP/1.1" 200 6652
"POST / HTTP/1.1" 302 0
"GET / HTTP/1.1" 200 6652
Internal Server Error: /whatsapp_webhook
"POST /whatsapp_webhook HTTP/1.1" 500 66
Internal Server Error: /whatsapp_webhook
"POST /whatsapp_webhook HTTP/1.1" 500 66
Internal Server Error: /whatsapp_webhook
"POST /whatsapp_webhook HTTP/1.1" 500 66
Internal Server Error: /whatsapp_webhook
"POST /whatsapp_webhook HTTP/1.1" 500 66
Internal Server Error: /whatsapp_webhook
"POST /whatsapp_webhook HTTP/1.1" 500 66
Internal Server Error: /whatsapp_webhook
"POST /whatsapp_webhook HTTP/1.1" 500 66
Internal Server Error: /whatsapp_webhook
"POST /whatsapp_webhook HTTP/1.1" 500 66
"GET / HTTP/1.1" 200 7087
Internal Server Error: /whatsapp_webhook
"POST /whatsapp_webhook HTTP/1.1" 500 66
Internal Server Error: /whatsapp_webhook
"POST /whatsapp_webhook HTTP/1.1" 500 66
Internal Server Error: /whatsapp_webhook
"POST /whatsapp_webhook HTTP/1.1" 500 66
"POST / HTTP/1.1" 302 0
"GET / HTTP/1.1" 200 7087
Internal Server Error: /whatsapp_webhook
"POST /whatsapp_webhook HTTP/1.1" 500 66
Internal Server Error: /whatsapp_webhook
"POST /whatsapp_webhook HTTP/1.1" 500 66
Internal Server Error: /whatsapp_webhook
"POST /whatsapp_webhook HTTP/1.1" 500 66
Internal Server Error: /whatsapp_webhook
"POST /whatsapp_webhook HTTP/1.1" 500 66
"GET / HTTP/1.1" 200 7503
Internal Server Error: /whatsapp_webhook
"POST /whatsapp_webhook HTTP/1.1" 500 66
Internal Server Error: /whatsapp_webhook
"POST /whatsapp_webhook HTTP/1.1" 500 66
Internal Server Error: /whatsapp_webhook
"POST /whatsapp_webhook HTTP/1.1" 500 66
Internal Server Error: /whatsapp_webhook
"POST /whatsapp_webhook HTTP/1.1" 500 66
Internal Server Error: /whatsapp_webhook
"POST /whatsapp_webhook HTTP/1.1" 500 66
Internal Server Error: /whatsapp_webhook
"POST /whatsapp_webhook HTTP/1.1" 500 66
Internal Server Error: /whatsapp_webhook
"POST /whatsapp_webhook HTTP/1.1" 500 66
Internal Server Error: /whatsapp_webhook
"POST /whatsapp_webhook HTTP/1.1" 500 66
Internal Server Error: /whatsapp_webhook
"POST /whatsapp_webhook HTTP/1.1" 500 66
Internal Server Error: /whatsapp_webhook
"POST /whatsapp_webhook HTTP/1.1" 500 66
Internal Server Error: /whatsapp_webhook
"POST /whatsapp_webhook HTTP/1.1" 500 66
Internal Server Error: /whatsapp_webhook
"POST /whatsapp_webhook HTTP/1.1" 500 66
Internal Server Error: /whatsapp_webhook
"POST /whatsapp_webhook HTTP/1.1" 500 66
Internal Server Error: /whatsapp_webhook
"POST /whatsapp_webhook HTTP/1.1" 500 66
Internal Server Error: /whatsapp_webhook
"POST /whatsapp_webhook HTTP/1.1" 500 66
Internal Server Error: /whatsapp_webhook
"POST /whatsapp_webhook HTTP/1.1" 500 66
Internal Server Error: /whatsapp_webhook
"POST /whatsapp_webhook HTTP/1.1" 500 66
Internal Server Error: /whatsapp_webhook
"POST /whatsapp_webhook HTTP/1.1" 500 66
Internal Server Error: /whatsapp_webhook
"POST /whatsapp_webhook HTTP/1.1" 500 66
Internal Server Error: /whatsapp_webhook
"POST /whatsapp_webhook HTTP/1.1" 500 66
"GET / HTTP/1.1" 200 7483
"GET / HTTP/1.1" 200 7483
"GET / HTTP/1.1" 200 7483
D:\whatsapp_integration\whatsapp_integration\messaging\service.py changed, reloading.
Watching for file changes with StatReloader
D:\whatsapp_integration\whatsapp_integration\messaging\service.py changed, reloading.
Internal Server Error: /whatsapp_webhook
"POST /whatsapp_webhook HTTP/1.1" 500 66
Watching for file changes with StatReloader
Internal Server Error: /whatsapp_webhook
Internal Server Error: /whatsapp_webhook
"POST /whatsapp_webhook HTTP/1.1" 500 66
"POST /whatsapp_webhook HTTP/1.1" 500 66
D:\whatsapp_integration\whatsapp_integration\messaging\views.py changed, reloading.
Watching for file changes with StatReloader
D:\whatsapp_integration\whatsapp_integration\messaging\views.py changed, reloading.
Watching for file changes with StatReloader
Internal Server Error: /whatsapp_webhook
"POST /whatsapp_webhook HTTP/1.1" 500 66
D:\whatsapp_integration\whatsapp_integration\messaging\views.py changed, reloading.
Watching for file changes with StatReloader
D:\whatsapp_integration\whatsapp_integration\messaging\views.py changed, reloading.
Watching for file changes with StatReloader
D:\whatsapp_integration\whatsapp_integration\messaging\views.py changed, reloading.
Watching for file changes with StatReloader
D:\whatsapp_integration\whatsapp_integration\messaging\views.py changed, reloading.
Watching for file changes with StatReloader
Internal Server Error: /whatsapp_webhook
"POST /whatsapp_webhook HTTP/1.1" 500 66
D:\whatsapp_integration\whatsapp_integration\messaging\views.py changed, reloading.
Watching for file changes with StatReloader
D:\whatsapp_integration\whatsapp_integration\messaging\views.py changed, reloading.
Watching for file changes with StatReloader
D:\whatsapp_integration\whatsapp_integration\messaging\views.py changed, reloading.
Watching for file changes with StatReloader
D:\whatsapp_integration\whatsapp_integration\messaging\urls.py changed, reloading.
Watching for file changes with StatReloader
D:\whatsapp_integration\whatsapp_integration\messaging\urls.py changed, reloading.
Watching for file changes with StatReloader
